Quick-Cocos2dx-Community C++ support ready.

------------------------------------------------

LOAD LUA FILE: D:/CocosProjects/empty/src/main.lua

------------------------------------------------

[LUA-print] [LuaPanda] load LuaPanda success

[LUA-print] [LuaPanda] change coroutine.create

[LUA-print] [LuaPanda] Debugger start as CLIENT. connect host:127.0.0.1 port:8818

[LUA-print] [LuaPanda] changeRunState :0 | from:lua

[LUA-print] [LuaPanda] reGetSock success

[LUA-print] [LuaPanda] First connect success!

[LUA-print] [LuaPanda] changeRunState :1 | from:lua

[LUA-print] [LuaPanda] connectSuccess

can not get file data of D:/CocosProjects/empty/src/libpdebug.lua

can not get file data of D:/CocosProjects/empty/src/libpdebug.lua

[LUA-print] [LuaPanda] changeRunState :2 | from:lua

[LUA-print] [LuaPanda] change hook state :3

[LUA-print] [LuaPanda] changeRunState :3 | from:lua

[LUA-print] ===========================================================

[LUA-print]               LOAD QUICK FRAMEWORK

[LUA-print] ===========================================================

[LUA-print] [INFO] 

[LUA-print] [INFO] # DEBUG                        = 2

[LUA-print] [INFO] #

[LUA-print] [INFO] # device.platform              = windows

[LUA-print] [INFO] # device.model                 = unknown

[LUA-print] [INFO] # device.language              = cn

[LUA-print] [INFO] # device.writablePath          = D:\CocosProjects\empty\

[LUA-print] [INFO] # device.directorySeparator    = \

[LUA-print] [INFO] # device.pathSeparator         = ;

[LUA-print] [INFO] #

[LUA-print] [INFO] # CONFIG_SCREEN_AUTOSCALE      = EXACT_FIT

[LUA-print] [INFO] # CONFIG_SCREEN_WIDTH          = 480.00

[LUA-print] [INFO] # CONFIG_SCREEN_HEIGHT         = 720.00

[LUA-print] [INFO] # display.widthInPixels        = 480.00

[LUA-print] [INFO] # display.heightInPixels       = 720.00

[LUA-print] [INFO] # display.contentScaleFactor   = 1.00

[LUA-print] [INFO] # display.width                = 480.00

[LUA-print] [INFO] # display.height               = 720.00

[LUA-print] [INFO] # display.cx                   = 240.00

[LUA-print] [INFO] # display.cy                   = 360.00

[LUA-print] [INFO] # display.left                 = 0.00

[LUA-print] [INFO] # display.right                = 480.00

[LUA-print] [INFO] # display.top                  = 720.00

[LUA-print] [INFO] # display.bottom               = 0.00

[LUA-print] [INFO] # display.c_left               = -240.00

[LUA-print] [INFO] # display.c_right              = 240.00

[LUA-print] [INFO] # display.c_top                = 360.00

[LUA-print] [INFO] # display.c_bottom             = -360.00

[LUA-print] [INFO] #

WARNING: File case-sensitive.
D:/CocosProjects/empty/src/framework/Audio.lua
D:/CocosProjects/empty/src/framework/audio.lua



[LUA-print] [INFO]FileUtil.loadGame

[LUA-print] [INFO]{  "rankData":[{      "nickname":"Zoybzo",      "score":19    },{      "nickname":"请输入昵",      "score":4    }]}

[LUA-print] [INFO]480 720

[Edit text] content size = (182.000000, 36.000000)

[Edit text] content size = (182.000000, 36.000000)

[Edit text] content size = (182.000000, 36.000000)

[LUA-print] cur text is 	

[LUA-print] cur text is 	H

[LUA-print] cur text is 	Ha

[LUA-print] cur text is 	Had

[LUA-print] cur text is 	Hade

[LUA-print] cur text is 	Hades

[LUA-print] [INFO]registerButton

[LUA-print] [INFO]begin

[LUA-print] [INFO]registerButton

[LUA-print] [INFO]registerButton

[LUA-print] [INFO]end

[LUA-print] [INFO]Hades

Inner height <= scrollview height, it will be force sized!

[LUA-print] [INFO]FileUtil.loadGame

[LUA-print] [INFO]{  "rankData":[{      "nickname":"Zoybzo",      "score":19    },{      "nickname":"请输入昵",      "score":4    }]}

cocos2d: padding: 0,0,0,0

Inner height <= scrollview height, it will be force sized!

Inner height <= scrollview height, it will be force sized!

Inner width <= scrollview width, it will be force sized!

[LUA-print] [INFO]Zoybzo 19

[LUA-print] [INFO]请输入昵 4

[LUA-print] [INFO]Hades 3

Inner height <= scrollview height, it will be force sized!

Inner width <= scrollview width, it will be force sized!

[LUA-print] [INFO]restartButton

[LUA-print] [INFO]restartButton

Inner width <= scrollview width, it will be force sized!

[LUA-print] [INFO]Zoybzo 19

[LUA-print] [INFO]Hades 17

[LUA-print] [INFO]请输入昵 4

[LUA-print] [INFO]Hades 3

Inner height <= scrollview height, it will be force sized!

Inner width <= scrollview width, it will be force sized!

[LUA-print] [INFO]backButton

[LUA-print] [INFO]backButton

[LUA-print] [INFO]backButton

Inner height <= scrollview height, it will be force sized!

[LUA-print] [INFO]FileUtil.loadGame

[LUA-print] [INFO]{  "rankData":[{      "score":19,      "nickname":"Zoybzo"    },{      "score":17,      "nickname":"Hades"    },{      "score":4,      "nickname":"请输入昵"    },{      "score":3,      "nickname":"Hades"    }]}

Inner height <= scrollview height, it will be force sized!

Inner height <= scrollview height, it will be force sized!

Inner width <= scrollview width, it will be force sized!

[LUA-print] [INFO]Zoybzo 19

[LUA-print] [INFO]Hades 17

[LUA-print] [INFO]请输入昵 4

[LUA-print] [INFO]Hades 3

[LUA-print] [INFO]Hades 0

Inner height <= scrollview height, it will be force sized!

Inner width <= scrollview width, it will be force sized!

[LUA-print] [INFO]backButton

[LUA-print] [INFO]backButton

[LUA-print] [INFO]backButton

Inner height <= scrollview height, it will be force sized!

[LUA-print] [INFO]FileUtil.loadGame

[LUA-print] [INFO]{  "rankData":[{      "score":19,      "nickname":"Zoybzo"    },{      "score":17,      "nickname":"Hades"    },{      "score":4,      "nickname":"请输入昵"    },{      "score":3,      "nickname":"Hades"    },{      "score":0,      "nickname":"Hades"    }]}

Inner height <= scrollview height, it will be force sized!

Inner height <= scrollview height, it will be force sized!

Inner width <= scrollview width, it will be force sized!

[LUA-print] [INFO]Zoybzo 19

[LUA-print] [INFO]Hades 17

[LUA-print] [INFO]请输入昵 4

[LUA-print] [INFO]Hades 3

[LUA-print] [INFO]Hades 1

Inner height <= scrollview height, it will be force sized!

Inner width <= scrollview width, it will be force sized!

[LUA-print] [INFO]backButton

[LUA-print] [INFO]backButton

Inner height <= scrollview height, it will be force sized!

[LUA-print] [INFO]FileUtil.loadGame

[LUA-print] [INFO]{  "rankData":[{      "score":19,      "nickname":"Zoybzo"    },{      "score":17,      "nickname":"Hades"    },{      "score":4,      "nickname":"请输入昵"    },{      "score":3,      "nickname":"Hades"    },{      "score":1,      "nickname":"Hades"    }]}

Inner height <= scrollview height, it will be force sized!

Inner height <= scrollview height, it will be force sized!

