Quick-Cocos2dx-Community C++ support ready.

------------------------------------------------

LOAD LUA FILE: D:/CocoProject/tetris-re/src/main.lua

------------------------------------------------

[LUA-print] ===========================================================

[LUA-print]               LOAD QUICK FRAMEWORK

[LUA-print] ===========================================================

[LUA-print] [INFO] 

[LUA-print] [INFO] # DEBUG                        = 1

[LUA-print] [INFO] #

[LUA-print] [INFO] # device.platform              = windows

[LUA-print] [INFO] # device.model                 = unknown

[LUA-print] [INFO] # device.language              = cn

[LUA-print] [INFO] # device.writablePath          = D:\CocoProject\tetris-re\

[LUA-print] [INFO] # device.directorySeparator    = \

[LUA-print] [INFO] # device.pathSeparator         = ;

[LUA-print] [INFO] #

[LUA-print] [INFO] # CONFIG_SCREEN_AUTOSCALE      = FIXED_HEIGHT

[LUA-print] [INFO] # CONFIG_SCREEN_WIDTH          = 1280.00

[LUA-print] [INFO] # CONFIG_SCREEN_HEIGHT         = 720.00

[LUA-print] [INFO] # display.widthInPixels        = 1280.00

[LUA-print] [INFO] # display.heightInPixels       = 720.00

[LUA-print] [INFO] # display.contentScaleFactor   = 1.00

[LUA-print] [INFO] # display.width                = 1280.00

[LUA-print] [INFO] # display.height               = 720.00

[LUA-print] [INFO] # display.cx                   = 640.00

[LUA-print] [INFO] # display.cy                   = 360.00

[LUA-print] [INFO] # display.left                 = 0.00

[LUA-print] [INFO] # display.right                = 1280.00

[LUA-print] [INFO] # display.top                  = 720.00

[LUA-print] [INFO] # display.bottom               = 0.00

[LUA-print] [INFO] # display.c_left               = -640.00

[LUA-print] [INFO] # display.c_right              = 640.00

[LUA-print] [INFO] # display.c_top                = 360.00

[LUA-print] [INFO] # display.c_bottom             = -360.00

[LUA-print] [INFO] #

[LUA-print] PlayView Enter!

[LUA-print] OnEnterTransitionFinish!

[LUA-print] Update speed!

[LUA-print] Update speed!

[LUA-print] OverView!

[LUA-print] Restart Game!

[LUA-print] PlayView Exit!

[LUA-print] MainScene Exit!

[LUA-print] PlayView Enter!

[LUA-print] OnEnterTransitionFinish!

[LUA-print] Update speed!

[LUA-print] Update speed!

[LUA-print] Update speed!

[LUA-print] Update speed!

[LUA-print] Update speed!

[LUA-print] Update speed!

[LUA-print] OverView!

[LUA-print] Exit Game!

[LUA-print] PlayView Exit!

[LUA-print] MainScene Exit!

