16/07/2022 19:10:14 001879A0 demo service start...
16/07/2022 19:10:14 001879A0 demo service init succ
16/07/2022 19:10:19 00182B80 100006 login succ
16/07/2022 23:16:45 00E723E0 demo service start...
16/07/2022 23:16:45 00E723E0 demo service init succ
16/07/2022 23:16:48 0115E4A0 100006 login succ
16/07/2022 23:20:53 00F41460 demo service start...
16/07/2022 23:20:53 00F41460 demo service init succ
16/07/2022 23:20:57 01107600 100006 login succ
16/07/2022 23:33:54 0109EE20 demo service start...
16/07/2022 23:33:54 0109EE20 demo service init succ
16/07/2022 23:34:47 006E7940 demo service start...
16/07/2022 23:34:47 006E7940 demo service init succ
16/07/2022 23:34:49 012B7FE0 100006 login succ
16/07/2022 23:35:28 0141A7C0 demo service start...
16/07/2022 23:35:28 0141A7C0 demo service init succ
16/07/2022 23:35:31 01430F20 100006 login succ
16/07/2022 23:36:02 013EB9C0 demo service start...
16/07/2022 23:36:02 013EB9C0 demo service init succ
16/07/2022 23:36:05 0140EC40 100006 login succ
16/07/2022 23:37:44 013E9A80 demo service start...
16/07/2022 23:37:44 013E9A80 demo service init succ
16/07/2022 23:37:47 0114CB60 100006 login succ
