09/07/2022 04:04:48 005EAA60 demo service start...
09/07/2022 04:04:48 005EAA60 demo service init succ
09/07/2022 04:06:12 014CE2C0 demo service start...
09/07/2022 04:06:12 014CE2C0 demo service init succ
09/07/2022 04:07:12 01038580 demo service start...
09/07/2022 04:07:12 01038580 demo service init succ
09/07/2022 04:07:58 00A150E0 demo service start...
09/07/2022 04:07:58 00A150E0 demo service init succ
09/07/2022 04:12:20 014030C0 demo service start...
09/07/2022 04:12:20 014030C0 demo service init succ
09/07/2022 04:12:36 01211FA0 demo service start...
09/07/2022 04:12:36 01211FA0 demo service init succ
09/07/2022 04:13:07 00992320 demo service start...
09/07/2022 04:13:07 00992320 demo service init succ
09/07/2022 04:14:48 012C4B00 demo service start...
09/07/2022 04:14:48 012C4B00 demo service init succ
09/07/2022 04:15:47 014F53C0 demo service start...
09/07/2022 04:15:47 014F53C0 demo service init succ
09/07/2022 04:17:11 009C1120 demo service start...
09/07/2022 04:17:11 009C1120 demo service init succ
09/07/2022 04:19:30 00173180 demo service start...
09/07/2022 04:19:30 00173180 demo service init succ
09/07/2022 04:21:45 010951E0 demo service start...
09/07/2022 04:21:45 010951E0 demo service init succ
09/07/2022 04:23:00 00F79EA0 demo service start...
09/07/2022 04:23:00 00F79EA0 demo service init succ
09/07/2022 04:23:38 00ADB4C0 demo service start...
09/07/2022 04:23:38 00ADB4C0 demo service init succ
09/07/2022 04:31:25 0091FF00 demo service start...
09/07/2022 04:31:25 0091FF00 demo service init succ
09/07/2022 04:34:37 00FDE800 demo service start...
09/07/2022 04:34:37 00FDE800 demo service init succ
09/07/2022 04:36:26 0100C660 demo service start...
09/07/2022 04:36:26 0100C660 demo service init succ
09/07/2022 04:36:50 01034700 demo service start...
09/07/2022 04:36:50 01034700 demo service init succ
09/07/2022 04:37:50 00FF2080 demo service start...
09/07/2022 04:37:50 00FF2080 demo service init succ
09/07/2022 04:38:08 014F3480 demo service start...
09/07/2022 04:38:08 014F3480 demo service init succ
09/07/2022 04:38:51 010AF7C0 demo service start...
09/07/2022 04:38:51 010AF7C0 demo service init succ
09/07/2022 04:39:42 00627320 demo service start...
09/07/2022 04:39:42 00627320 demo service init succ
09/07/2022 04:42:55 00E69740 demo service start...
09/07/2022 04:42:55 00E69740 demo service init succ
09/07/2022 04:44:21 00D495E0 demo service start...
09/07/2022 04:44:21 00D495E0 demo service init succ
09/07/2022 04:45:53 00600220 demo service start...
09/07/2022 04:45:53 00600220 demo service init succ
09/07/2022 04:51:38 012CD7A0 demo service start...
09/07/2022 04:51:38 012CD7A0 demo service init succ
09/07/2022 04:52:20 0089E0E0 demo service start...
09/07/2022 04:52:20 0089E0E0 demo service init succ
09/07/2022 04:52:28 01518640 demo service start...
09/07/2022 04:52:28 01518640 demo service init succ
09/07/2022 04:53:23 00881BC0 demo service start...
09/07/2022 04:53:23 00881BC0 demo service init succ
09/07/2022 04:55:09 005F46A0 demo service start...
09/07/2022 04:55:09 005F46A0 demo service init succ
