15/07/2022 16:04:05 0012EBC0 demo service start...
15/07/2022 16:04:05 0012EBC0 demo service init succ
15/07/2022 16:04:55 00A70DA0 demo service start...
15/07/2022 16:04:55 00A70DA0 demo service init succ
15/07/2022 16:05:31 00674580 demo service start...
15/07/2022 16:05:31 00674580 demo service init succ
15/07/2022 16:05:48 00605040 demo service start...
15/07/2022 16:05:48 00605040 demo service init succ
15/07/2022 16:06:16 0025D780 demo service start...
15/07/2022 16:06:16 0025D780 demo service init succ
15/07/2022 16:07:04 00892560 demo service start...
15/07/2022 16:07:04 00892560 demo service init succ
15/07/2022 16:07:39 00167600 demo service start...
15/07/2022 16:07:39 00167600 demo service init succ
15/07/2022 16:08:32 0083D600 demo service start...
15/07/2022 16:08:32 0083D600 demo service init succ
15/07/2022 16:09:28 004CB8A0 demo service start...
15/07/2022 16:09:28 004CB8A0 demo service init succ
15/07/2022 16:09:53 00C78620 demo service start...
15/07/2022 16:09:53 00C78620 demo service init succ
15/07/2022 16:11:04 0025A8A0 demo service start...
15/07/2022 16:11:04 0025A8A0 demo service init succ
15/07/2022 16:11:35 006EE6A0 demo service start...
15/07/2022 16:11:35 006EE6A0 demo service init succ
15/07/2022 16:11:57 00CB1060 demo service start...
15/07/2022 16:11:57 00CB1060 demo service init succ
15/07/2022 16:13:05 001CCF00 demo service start...
15/07/2022 16:13:05 001CCF00 demo service init succ
15/07/2022 16:13:39 007781C0 demo service start...
15/07/2022 16:13:39 007781C0 demo service init succ
15/07/2022 16:15:48 003D18A0 demo service start...
15/07/2022 16:15:48 003D18A0 demo service init succ
15/07/2022 16:16:27 00B67EC0 demo service start...
15/07/2022 16:16:27 00B67EC0 demo service init succ
15/07/2022 16:16:53 007464E0 demo service start...
15/07/2022 16:16:53 007464E0 demo service init succ
15/07/2022 16:17:20 00C78620 demo service start...
15/07/2022 16:17:20 00C78620 demo service init succ
15/07/2022 16:19:35 006B1DE0 demo service start...
15/07/2022 16:19:35 006B1DE0 demo service init succ
15/07/2022 16:20:19 00352960 demo service start...
15/07/2022 16:20:19 00352960 demo service init succ
15/07/2022 16:21:06 00E464C0 demo service start...
15/07/2022 16:21:06 00E464C0 demo service init succ
15/07/2022 16:21:34 00E975A0 demo service start...
15/07/2022 16:21:34 00E975A0 demo service init succ
15/07/2022 16:21:52 00DAFE80 demo service start...
15/07/2022 16:21:52 00DAFE80 demo service init succ
15/07/2022 16:25:39 00C2C360 demo service start...
15/07/2022 16:25:39 00C2C360 demo service init succ
15/07/2022 16:32:17 00E4B2E0 demo service start...
15/07/2022 16:32:19 00E5EB60 demo service start...
15/07/2022 16:32:19 00E5EB60 demo service init succ
15/07/2022 16:33:58 00D99720 demo service start...
15/07/2022 16:33:58 00D99720 demo service init succ
15/07/2022 16:34:35 00907860 demo service start...
15/07/2022 16:34:35 00907860 demo service init succ
15/07/2022 16:35:25 00BAF360 demo service start...
15/07/2022 16:35:25 00BAF360 demo service init succ
15/07/2022 16:35:49 002913A0 demo service start...
15/07/2022 16:35:49 002913A0 demo service init succ
