12/07/2022 00:00:31 015B1B60 demo service start...
12/07/2022 00:00:31 015B1B60 demo service init succ
12/07/2022 15:29:00 00B99BA0 demo service start...
12/07/2022 15:29:00 00B99BA0 demo service init succ
12/07/2022 15:29:51 0074A360 demo service start...
12/07/2022 15:29:51 0074A360 demo service init succ
12/07/2022 15:32:04 00E3E7C0 demo service start...
12/07/2022 15:32:04 00E3E7C0 demo service init succ
12/07/2022 15:33:40 00C31180 demo service start...
12/07/2022 15:33:40 00C31180 demo service init succ
12/07/2022 15:34:56 00E06D20 demo service start...
12/07/2022 15:34:56 00E06D20 demo service init succ
12/07/2022 15:37:16 00871220 demo service start...
12/07/2022 15:37:16 00871220 demo service init succ
12/07/2022 15:38:03 00637CC0 demo service start...
12/07/2022 15:38:03 00637CC0 demo service init succ
12/07/2022 15:38:25 00A9CCC0 demo service start...
12/07/2022 15:38:25 00A9CCC0 demo service init succ
12/07/2022 15:39:31 00B219C0 demo service start...
12/07/2022 15:39:31 00B219C0 demo service init succ
12/07/2022 15:40:13 00A38360 demo service start...
12/07/2022 15:40:13 00A38360 demo service init succ
12/07/2022 15:40:33 004AB500 demo service start...
12/07/2022 15:40:33 004AB500 demo service init succ
12/07/2022 15:42:38 00142440 demo service start...
12/07/2022 15:42:38 00142440 demo service init succ
12/07/2022 23:20:30 0044B9C0 demo service start...
12/07/2022 23:20:30 0044B9C0 demo service init succ
12/07/2022 23:20:58 00DB7B80 demo service start...
12/07/2022 23:20:58 00DB7B80 demo service init succ
12/07/2022 23:22:41 00C44A00 demo service start...
12/07/2022 23:22:41 00C44A00 demo service init succ
12/07/2022 23:23:06 00E6A6E0 demo service start...
12/07/2022 23:23:06 00E6A6E0 demo service init succ
12/07/2022 23:23:29 00BB7060 demo service start...
12/07/2022 23:23:29 00BB7060 demo service init succ
12/07/2022 23:23:54 004BED80 demo service start...
12/07/2022 23:23:54 004BED80 demo service init succ
12/07/2022 23:24:19 00561EE0 demo service start...
12/07/2022 23:24:19 00561EE0 demo service init succ
12/07/2022 23:25:25 008193E0 demo service start...
12/07/2022 23:25:25 008193E0 demo service init succ
12/07/2022 23:26:18 001414A0 demo service start...
12/07/2022 23:26:18 001414A0 demo service init succ
12/07/2022 23:27:29 00EA3120 demo service start...
12/07/2022 23:27:29 00EA3120 demo service init succ
12/07/2022 23:28:47 00D5CE60 demo service start...
12/07/2022 23:28:47 00D5CE60 demo service init succ
12/07/2022 23:29:07 00A7D8C0 demo service start...
12/07/2022 23:29:07 00A7D8C0 demo service init succ
12/07/2022 23:32:59 004BDDE0 demo service start...
12/07/2022 23:32:59 004BDDE0 demo service init succ
12/07/2022 23:36:30 00163780 demo service start...
12/07/2022 23:36:30 00163780 demo service init succ
12/07/2022 23:37:08 00E56E60 demo service start...
12/07/2022 23:37:08 00E56E60 demo service init succ
12/07/2022 23:40:36 00E4B2E0 demo service start...
12/07/2022 23:40:36 00E4B2E0 demo service init succ
12/07/2022 23:40:58 004DB2A0 demo service start...
12/07/2022 23:40:58 004DB2A0 demo service init succ
12/07/2022 23:42:05 00C00440 demo service start...
12/07/2022 23:42:05 00C00440 demo service init succ
12/07/2022 23:42:43 00D36D00 demo service start...
12/07/2022 23:42:43 00D36D00 demo service init succ
12/07/2022 23:45:41 00897380 demo service start...
12/07/2022 23:45:41 00897380 demo service init succ
12/07/2022 23:46:09 0036DEE0 demo service start...
12/07/2022 23:46:09 0036DEE0 demo service init succ
12/07/2022 23:52:30 00753FA0 demo service start...
12/07/2022 23:52:30 00753FA0 demo service init succ
12/07/2022 23:53:23 00A2E720 demo service start...
12/07/2022 23:53:23 00A2E720 demo service init succ
12/07/2022 23:54:07 00CFD320 demo service start...
12/07/2022 23:54:07 00CFD320 demo service init succ
12/07/2022 23:54:46 00D418E0 demo service start...
12/07/2022 23:54:46 00D418E0 demo service init succ
12/07/2022 23:55:19 0089C1A0 demo service start...
12/07/2022 23:55:19 0089C1A0 demo service init succ
12/07/2022 23:56:00 00145320 demo service start...
12/07/2022 23:56:00 00145320 demo service init succ
12/07/2022 23:56:50 0081B320 demo service start...
12/07/2022 23:56:50 0081B320 demo service init succ
12/07/2022 23:58:06 000EE480 demo service start...
12/07/2022 23:58:06 000EE480 demo service init succ
12/07/2022 23:58:53 00CD5280 demo service start...
12/07/2022 23:58:53 00CD5280 demo service init succ
