11/07/2022 08:22:27 00A279C0 demo service start...
11/07/2022 08:22:27 00A279C0 demo service init succ
11/07/2022 08:24:19 0064B540 demo service start...
11/07/2022 08:24:19 0064B540 demo service init succ
11/07/2022 08:24:25 00CE4C80 100006 register succ
11/07/2022 08:24:55 001F6EE0 demo service start...
11/07/2022 08:24:55 001F6EE0 demo service init succ
11/07/2022 08:26:24 001608A0 demo service start...
11/07/2022 08:26:24 001608A0 demo service init succ
11/07/2022 08:26:27 008D2CA0 100006 register succ
11/07/2022 08:28:46 00445C00 demo service start...
11/07/2022 08:28:46 00445C00 demo service init succ
11/07/2022 08:29:02 005A1680 100006 register succ
11/07/2022 08:31:56 00C80320 demo service start...
11/07/2022 08:31:56 00C80320 demo service init succ
11/07/2022 08:31:59 00636D20 100006 register succ
11/07/2022 08:32:24 007AECC0 demo service start...
11/07/2022 08:32:24 007AECC0 demo service init succ
11/07/2022 08:32:33 0017FCA0 demo service start...
11/07/2022 08:32:33 0017FCA0 demo service init succ
11/07/2022 08:32:39 00208820 100006 register succ
11/07/2022 08:34:54 0072BF00 demo service start...
11/07/2022 08:34:54 0072BF00 demo service init succ
11/07/2022 08:35:03 00E60AA0 100006 register succ
11/07/2022 08:37:30 001656C0 demo service start...
11/07/2022 08:37:30 001656C0 demo service init succ
11/07/2022 08:37:38 00B19CC0 100006 register succ
11/07/2022 08:38:33 0021FF20 demo service start...
11/07/2022 08:38:33 0021FF20 demo service init succ
11/07/2022 08:38:36 00126EC0 100006 register succ
11/07/2022 08:39:10 005DEEE0 demo service start...
11/07/2022 08:39:10 005DEEE0 demo service init succ
11/07/2022 08:39:12 00B35240 100006 register succ
11/07/2022 08:41:50 00E2DE20 demo service start...
11/07/2022 08:41:50 00E2DE20 demo service init succ
11/07/2022 08:41:54 006BE900 100006 register succ
11/07/2022 08:47:03 008AFA20 demo service start...
11/07/2022 08:47:03 008AFA20 demo service init succ
11/07/2022 08:47:06 0015AAE0 100006loginName not find
11/07/2022 08:48:42 005718E0 demo service start...
11/07/2022 08:48:42 005718E0 demo service init succ
11/07/2022 08:48:45 00330680 100006loginName not find
11/07/2022 08:51:34 00057E40 demo service start...
11/07/2022 08:51:34 00057E40 demo service init succ
11/07/2022 08:51:38 00B7D680 100006loginName not find
11/07/2022 08:53:07 0062B1A0 demo service start...
11/07/2022 08:53:07 0062B1A0 demo service init succ
11/07/2022 08:53:10 00588040 100006loginName not find
11/07/2022 08:54:19 00E0CAE0 demo service start...
11/07/2022 08:54:19 00E0CAE0 demo service init succ
11/07/2022 08:54:21 0064D480 100006 login succ
11/07/2022 15:10:56 00A5D520 demo service start...
11/07/2022 15:10:56 00A5D520 demo service init succ
11/07/2022 15:11:01 0088F680 100006 login succ
11/07/2022 15:12:28 01074E40 demo service start...
11/07/2022 15:12:28 01074E40 demo service init succ
11/07/2022 15:12:31 01062560 100006 login succ
11/07/2022 15:13:11 01046FE0 demo service start...
11/07/2022 15:13:11 01046FE0 demo service init succ
11/07/2022 15:13:13 0106E0E0 100006 login succ
11/07/2022 15:16:16 010F4D20 demo service start...
11/07/2022 15:16:16 010F4D20 demo service init succ
11/07/2022 15:16:18 00EE1920 100006 login succ
11/07/2022 15:36:34 00F9D120 demo service start...
11/07/2022 15:36:34 00F9D120 demo service init succ
11/07/2022 15:36:36 011B8220 100006 login succ
11/07/2022 15:40:41 010DF560 demo service start...
11/07/2022 15:40:41 010DF560 demo service init succ
11/07/2022 15:40:45 010B0760 100006 login succ
11/07/2022 15:42:14 00D74560 demo service start...
11/07/2022 15:42:14 00D74560 demo service init succ
11/07/2022 15:42:16 00EF0380 100006 login succ
11/07/2022 15:43:58 0124B980 demo service start...
11/07/2022 15:43:58 0124B980 demo service init succ
11/07/2022 15:44:01 010980C0 100006 login succ
11/07/2022 15:46:45 010CAD40 demo service start...
11/07/2022 15:46:45 010CAD40 demo service init succ
11/07/2022 15:46:48 00ED9C20 100006 login succ
11/07/2022 15:47:50 00DB6BE0 demo service start...
11/07/2022 15:47:50 00DB6BE0 demo service init succ
11/07/2022 15:47:51 0102E940 100006 login succ
11/07/2022 15:52:17 008AAC00 demo service start...
11/07/2022 15:52:17 008AAC00 demo service init succ
11/07/2022 15:52:19 01169080 100006 login succ
11/07/2022 15:54:20 000ADD40 demo service start...
11/07/2022 15:54:20 000ADD40 demo service init succ
11/07/2022 15:58:01 00D706E0 demo service start...
11/07/2022 15:58:01 00D706E0 demo service init succ
11/07/2022 15:58:05 00B00680 100006 login succ
11/07/2022 15:59:13 01040280 demo service start...
11/07/2022 15:59:13 01040280 demo service init succ
11/07/2022 15:59:16 010421C0 100006 login succ
11/07/2022 17:12:19 0094ED00 demo service start...
11/07/2022 17:12:19 0094ED00 demo service init succ
11/07/2022 17:12:24 00F7ECC0 100006 login succ
11/07/2022 17:14:31 001126A0 demo service start...
11/07/2022 17:14:31 001126A0 demo service init succ
11/07/2022 17:15:21 00859B20 100006 login succ
11/07/2022 17:16:42 011EED20 demo service start...
11/07/2022 17:16:42 011EED20 demo service init succ
11/07/2022 17:16:44 00EFFD80 100006 login succ
11/07/2022 17:17:53 012CF6E0 demo service start...
11/07/2022 17:17:53 012CF6E0 demo service init succ
11/07/2022 17:17:56 01217D60 100006 login succ
11/07/2022 17:18:38 0132E280 demo service start...
11/07/2022 17:18:38 0132E280 demo service init succ
11/07/2022 17:18:40 01194FA0 100006 login succ
11/07/2022 17:20:00 012B60A0 demo service start...
11/07/2022 17:20:00 012B60A0 demo service init succ
11/07/2022 17:20:02 0104BE00 100006 login succ
11/07/2022 23:43:07 004D83C0 demo service start...
11/07/2022 23:43:07 004D83C0 demo service init succ
11/07/2022 23:43:13 01627E00 100006 login succ
11/07/2022 23:54:23 01146DA0 demo service start...
11/07/2022 23:54:23 01146DA0 demo service init succ
11/07/2022 23:54:26 00E241E0 100006 login succ
