17/07/2022 00:06:12 013C5860 demo service start...
17/07/2022 00:06:12 013C5860 demo service init succ
17/07/2022 00:06:15 0143DA40 100006 login succ
17/07/2022 00:06:45 01433E00 demo service start...
17/07/2022 00:06:45 01433E00 demo service init succ
17/07/2022 00:06:49 008A6D80 100006 login succ
17/07/2022 00:07:15 008A6D80 100006 login succ
17/07/2022 00:07:11 0101DFA0 demo service start...
17/07/2022 00:07:11 0101DFA0 demo service init succ
17/07/2022 00:07:47 008A6D80 100006 login succ
17/07/2022 00:07:50 008A6D80 100006 login succ
17/07/2022 00:07:46 01216DC0 demo service start...
17/07/2022 00:07:46 01216DC0 demo service init succ
17/07/2022 00:10:46 0034EAE0 demo service start...
17/07/2022 00:10:46 0034EAE0 demo service init succ
17/07/2022 00:10:48 013E7B40 100006 login succ
17/07/2022 00:11:03 0147D1E0 demo service start...
17/07/2022 00:11:03 0147D1E0 demo service init succ
17/07/2022 00:11:06 01355380 100006 login succ
17/07/2022 00:11:21 01355380 100006 login succ
17/07/2022 00:11:18 014447A0 demo service start...
17/07/2022 00:11:18 014447A0 demo service init succ
17/07/2022 00:11:42 0131B9A0 demo service start...
17/07/2022 00:11:42 0131B9A0 demo service init succ
17/07/2022 00:11:49 00B92E40 100006 login succ
17/07/2022 00:12:22 00EE1920 demo service start...
17/07/2022 00:12:22 00EE1920 demo service init succ
17/07/2022 00:12:25 00E7A0E0 100006 login succ
17/07/2022 00:12:42 00F24F40 demo service start...
17/07/2022 00:12:42 00F24F40 demo service init succ
17/07/2022 00:12:45 0140FBE0 100006 login succ
17/07/2022 00:13:22 00346DE0 demo service start...
17/07/2022 00:13:22 00346DE0 demo service init succ
17/07/2022 00:13:24 00708C80 100006 login succ
17/07/2022 00:14:19 0140FBE0 demo service start...
17/07/2022 00:14:19 0140FBE0 demo service init succ
17/07/2022 00:14:22 00B66F20 100006 login succ
