07/07/2022 00:01:36 00D706E0 demo service start...
07/07/2022 00:01:36 00D706E0 demo service init succ
07/07/2022 22:13:39 00DA8180 demo service start...
07/07/2022 22:13:39 00DA8180 demo service init succ
07/07/2022 22:13:47 001C03E0 100006 login succ
07/07/2022 22:17:33 01044100 demo service start...
07/07/2022 22:17:33 01044100 demo service init succ
07/07/2022 22:17:37 00ED3E60 100006 login succ
07/07/2022 22:18:50 00F898A0 demo service start...
07/07/2022 22:18:50 00F898A0 demo service init succ
07/07/2022 22:18:55 01070020 100006 login succ
07/07/2022 22:20:26 003C0F00 demo service start...
07/07/2022 22:20:26 003C0F00 demo service init succ
07/07/2022 22:20:38 01041220 100006 login succ
07/07/2022 22:20:47 0017BE20 demo service start...
07/07/2022 22:20:47 0017BE20 demo service init succ
07/07/2022 22:21:02 006B9AE0 demo service start...
07/07/2022 22:21:02 006B9AE0 demo service init succ
07/07/2022 22:21:06 00743600 100006 login succ
07/07/2022 22:27:20 0099CF00 demo service start...
07/07/2022 22:27:20 0099CF00 demo service init succ
07/07/2022 22:27:28 003CF960 100006 login succ
07/07/2022 22:31:47 00546960 demo service start...
07/07/2022 22:31:47 00546960 demo service init succ
07/07/2022 22:31:51 003037C0 100006 login succ
