14/07/2022 15:12:52 009EA160 demo service start...
14/07/2022 15:12:53 009EA160 demo service init succ
14/07/2022 15:27:08 00A6BF80 demo service start...
14/07/2022 15:27:08 00A6BF80 demo service init succ
14/07/2022 15:29:24 00E48400 demo service start...
14/07/2022 15:29:24 00E48400 demo service init succ
14/07/2022 15:31:40 00E917E0 demo service start...
14/07/2022 15:31:40 00E917E0 demo service init succ
14/07/2022 15:39:16 0031BE60 demo service start...
14/07/2022 15:39:16 0031BE60 demo service init succ
14/07/2022 16:20:58 0107BBA0 demo service start...
14/07/2022 16:20:58 0107BBA0 demo service init succ
14/07/2022 16:24:05 0054E660 demo service start...
14/07/2022 16:24:05 0054E660 demo service init succ
14/07/2022 16:25:31 010598C0 demo service start...
14/07/2022 16:25:31 010598C0 demo service init succ
14/07/2022 16:25:54 01099060 demo service start...
14/07/2022 16:25:54 01099060 demo service init succ
14/07/2022 16:26:25 00FA0FA0 demo service start...
14/07/2022 16:26:25 00FA0FA0 demo service init succ
14/07/2022 16:33:00 0082BCC0 demo service start...
14/07/2022 16:33:00 0082BCC0 demo service init succ
14/07/2022 19:59:42 010CEBC0 demo service start...
14/07/2022 19:59:42 010CEBC0 demo service init succ
14/07/2022 20:02:15 011FE720 demo service start...
14/07/2022 20:02:15 011FE720 demo service init succ
14/07/2022 20:04:15 010598C0 demo service start...
14/07/2022 20:04:15 010598C0 demo service init succ
14/07/2022 20:06:07 011BB100 demo service start...
14/07/2022 20:06:07 011BB100 demo service init succ
14/07/2022 20:39:01 011102A0 demo service start...
14/07/2022 20:39:01 011102A0 demo service init succ
14/07/2022 20:43:12 01332100 demo service start...
14/07/2022 20:43:12 01332100 demo service init succ
14/07/2022 20:45:39 0118C300 demo service start...
14/07/2022 20:45:39 0118C300 demo service init succ
14/07/2022 20:55:06 0132A400 demo service start...
14/07/2022 20:55:06 0132A400 demo service init succ
14/07/2022 20:57:31 00DCE2E0 demo service start...
14/07/2022 20:57:31 00DCE2E0 demo service init succ
14/07/2022 20:59:55 013831E0 demo service start...
14/07/2022 20:59:55 013831E0 demo service init succ
14/07/2022 21:00:39 00A65220 demo service start...
14/07/2022 21:00:39 00A65220 demo service init succ
14/07/2022 21:04:58 012FF480 demo service start...
14/07/2022 21:04:58 012FF480 demo service init succ
14/07/2022 21:05:17 0119FB80 demo service start...
14/07/2022 21:05:17 0119FB80 demo service init succ
14/07/2022 21:07:10 011AC6A0 demo service start...
14/07/2022 21:07:10 011AC6A0 demo service init succ
14/07/2022 21:08:13 01120C40 demo service start...
14/07/2022 21:08:13 01120C40 demo service init succ
