15/07/2022 16:04:05 0012EBC0 demo service start...
15/07/2022 16:04:05 0012EBC0 demo service init succ
15/07/2022 16:04:12 000D4E40 100006 login succ
15/07/2022 16:04:55 00A70DA0 demo service start...
15/07/2022 16:04:55 00A70DA0 demo service init succ
15/07/2022 16:04:59 0025E720 100006 login succ
15/07/2022 16:05:31 00674580 demo service start...
15/07/2022 16:05:31 00674580 demo service init succ
15/07/2022 16:05:34 00CD71C0 100006 login succ
15/07/2022 16:05:48 00605040 demo service start...
15/07/2022 16:05:48 00605040 demo service init succ
15/07/2022 16:05:52 008BA600 100006 login succ
15/07/2022 16:06:16 0025D780 demo service start...
15/07/2022 16:06:16 0025D780 demo service init succ
15/07/2022 16:06:23 0028D520 100006 login succ
15/07/2022 16:07:04 00892560 demo service start...
15/07/2022 16:07:04 00892560 demo service init succ
15/07/2022 16:07:08 001DF7E0 100006 login succ
15/07/2022 16:07:39 00167600 demo service start...
15/07/2022 16:07:39 00167600 demo service init succ
15/07/2022 16:07:41 00C3FBE0 100006 login succ
15/07/2022 16:08:32 0083D600 demo service start...
15/07/2022 16:08:32 0083D600 demo service init succ
15/07/2022 16:08:37 008B57E0 100006 login succ
15/07/2022 16:09:28 004CB8A0 demo service start...
15/07/2022 16:09:28 004CB8A0 demo service init succ
15/07/2022 16:09:31 002356E0 100006 login succ
15/07/2022 16:09:53 00C78620 demo service start...
15/07/2022 16:09:53 00C78620 demo service init succ
15/07/2022 16:09:58 00D4A580 100006 login succ
15/07/2022 16:11:04 0025A8A0 demo service start...
15/07/2022 16:11:04 0025A8A0 demo service init succ
15/07/2022 16:11:07 00C25600 100006 login succ
15/07/2022 16:11:35 006EE6A0 demo service start...
15/07/2022 16:11:35 006EE6A0 demo service init succ
15/07/2022 16:11:38 00CEB9E0 100006 login succ
15/07/2022 16:11:57 00CB1060 demo service start...
15/07/2022 16:11:57 00CB1060 demo service init succ
15/07/2022 16:12:00 00B3B000 100006 login succ
15/07/2022 16:13:05 001CCF00 demo service start...
15/07/2022 16:13:05 001CCF00 demo service init succ
15/07/2022 16:13:07 00C3FBE0 100006 login succ
15/07/2022 16:13:39 007781C0 demo service start...
15/07/2022 16:13:39 007781C0 demo service init succ
15/07/2022 16:13:40 009C4FA0 100006 login succ
15/07/2022 16:15:48 003D18A0 demo service start...
15/07/2022 16:15:48 003D18A0 demo service init succ
15/07/2022 16:15:53 00BCD7C0 100006 login succ
15/07/2022 16:16:27 00B67EC0 demo service start...
15/07/2022 16:16:27 00B67EC0 demo service init succ
15/07/2022 16:16:30 005C3960 100006 login succ
15/07/2022 16:16:53 007464E0 demo service start...
15/07/2022 16:16:53 007464E0 demo service init succ
15/07/2022 16:16:54 00186A00 100006 login succ
15/07/2022 16:17:20 00C78620 demo service start...
15/07/2022 16:17:20 00C78620 demo service init succ
15/07/2022 16:17:39 0068BC80 100006 login succ
15/07/2022 16:19:35 006B1DE0 demo service start...
15/07/2022 16:19:35 006B1DE0 demo service init succ
15/07/2022 16:19:38 007A0260 100006 login succ
15/07/2022 16:20:19 00352960 demo service start...
15/07/2022 16:20:19 00352960 demo service init succ
15/07/2022 16:20:22 0028D520 100006 login succ
15/07/2022 16:21:06 00E464C0 demo service start...
15/07/2022 16:21:06 00E464C0 demo service init succ
15/07/2022 16:21:07 00E5CC20 100006 login succ
15/07/2022 16:21:34 00E975A0 demo service start...
15/07/2022 16:21:34 00E975A0 demo service init succ
15/07/2022 16:21:36 00DBE8E0 100006 login succ
15/07/2022 16:21:52 00DAFE80 demo service start...
15/07/2022 16:21:52 00DAFE80 demo service init succ
15/07/2022 16:21:54 00323B60 100006 login succ
15/07/2022 16:25:39 00C2C360 demo service start...
15/07/2022 16:25:39 00C2C360 demo service init succ
15/07/2022 16:25:44 00951BE0 100006 login succ
15/07/2022 16:32:17 00E4B2E0 demo service start...
15/07/2022 16:32:19 00E5EB60 demo service start...
15/07/2022 16:32:19 00E5EB60 demo service init succ
15/07/2022 16:32:23 00DA9120 100006 login succ
15/07/2022 16:32:25 00DA9120 100006 login succ
15/07/2022 16:33:58 00D99720 demo service start...
15/07/2022 16:33:58 00D99720 demo service init succ
15/07/2022 16:34:00 00AD85E0 100006 login succ
15/07/2022 16:34:35 00907860 demo service start...
15/07/2022 16:34:35 00907860 demo service init succ
15/07/2022 16:34:37 00E73380 100006 login succ
15/07/2022 16:35:25 00BAF360 demo service start...
15/07/2022 16:35:25 00BAF360 demo service init succ
15/07/2022 16:35:27 00BCA8E0 100006 login succ
15/07/2022 16:35:49 002913A0 demo service start...
15/07/2022 16:35:49 002913A0 demo service init succ
15/07/2022 16:35:51 001145E0 100006 login succ
