19/07/2022 12:15:21 00EC2520 demo service start...
19/07/2022 12:15:21 00EC2520 demo service init succ
19/07/2022 12:15:53 00D62C20 demo service start...
19/07/2022 12:15:53 00D62C20 demo service init succ
19/07/2022 12:17:08 00D6F740 demo service start...
19/07/2022 12:17:08 00D6F740 demo service init succ
19/07/2022 12:22:44 00D14A20 demo service start...
19/07/2022 12:22:44 00D14A20 demo service init succ
19/07/2022 12:23:33 00AA0B40 demo service start...
19/07/2022 12:23:33 00AA0B40 demo service init succ
19/07/2022 12:26:34 00E3C880 demo service start...
19/07/2022 12:26:34 00E3C880 demo service init succ
19/07/2022 12:29:16 00F7AE40 demo service start...
19/07/2022 12:29:16 00F7AE40 demo service init succ
19/07/2022 12:29:40 00E82D80 demo service start...
19/07/2022 12:29:40 00E82D80 demo service init succ
19/07/2022 12:30:04 004D06C0 demo service start...
19/07/2022 12:30:04 004D06C0 demo service init succ
19/07/2022 12:30:31 00F73140 demo service start...
19/07/2022 12:30:31 00F73140 demo service init succ
19/07/2022 12:36:02 00905920 demo service start...
19/07/2022 12:36:02 00905920 demo service init succ
19/07/2022 12:37:12 00E10960 demo service start...
19/07/2022 12:37:12 00E10960 demo service init succ
19/07/2022 12:37:36 001A8CE0 demo service start...
19/07/2022 12:37:36 001A8CE0 demo service init succ
19/07/2022 12:37:59 00F6B440 demo service start...
19/07/2022 12:37:59 00F6B440 demo service init succ
19/07/2022 12:40:37 00E781A0 demo service start...
19/07/2022 12:40:37 00E781A0 demo service init succ
19/07/2022 12:48:03 00CF4680 demo service start...
19/07/2022 12:48:03 00CF4680 demo service init succ
19/07/2022 12:54:35 007EB580 demo service start...
19/07/2022 12:54:35 007EB580 demo service init succ
19/07/2022 12:55:01 00D6A920 demo service start...
19/07/2022 12:55:01 00D6A920 demo service init succ
19/07/2022 13:06:02 007C8300 demo service start...
19/07/2022 13:06:02 007C8300 demo service init succ
19/07/2022 13:07:30 008AFA20 demo service start...
19/07/2022 13:07:30 008AFA20 demo service init succ
19/07/2022 13:16:46 006A7200 demo service start...
19/07/2022 13:16:46 006A7200 demo service init succ
19/07/2022 13:17:16 00E56E60 demo service start...
19/07/2022 13:17:16 00E56E60 demo service init succ
