11/07/2022 08:22:27 00A279C0 demo service start...
11/07/2022 08:22:27 00A279C0 demo service init succ
11/07/2022 08:24:19 0064B540 demo service start...
11/07/2022 08:24:19 0064B540 demo service init succ
11/07/2022 08:24:55 001F6EE0 demo service start...
11/07/2022 08:24:55 001F6EE0 demo service init succ
11/07/2022 08:26:24 001608A0 demo service start...
11/07/2022 08:26:24 001608A0 demo service init succ
11/07/2022 08:28:46 00445C00 demo service start...
11/07/2022 08:28:46 00445C00 demo service init succ
11/07/2022 08:31:56 00C80320 demo service start...
11/07/2022 08:31:56 00C80320 demo service init succ
11/07/2022 08:32:24 007AECC0 demo service start...
11/07/2022 08:32:24 007AECC0 demo service init succ
11/07/2022 08:32:33 0017FCA0 demo service start...
11/07/2022 08:32:33 0017FCA0 demo service init succ
11/07/2022 08:34:54 0072BF00 demo service start...
11/07/2022 08:34:54 0072BF00 demo service init succ
11/07/2022 08:37:30 001656C0 demo service start...
11/07/2022 08:37:30 001656C0 demo service init succ
11/07/2022 08:38:33 0021FF20 demo service start...
11/07/2022 08:38:33 0021FF20 demo service init succ
11/07/2022 08:39:10 005DEEE0 demo service start...
11/07/2022 08:39:10 005DEEE0 demo service init succ
11/07/2022 08:41:50 00E2DE20 demo service start...
11/07/2022 08:41:50 00E2DE20 demo service init succ
11/07/2022 08:47:03 008AFA20 demo service start...
11/07/2022 08:47:03 008AFA20 demo service init succ
11/07/2022 08:48:42 005718E0 demo service start...
11/07/2022 08:48:42 005718E0 demo service init succ
11/07/2022 08:51:34 00057E40 demo service start...
11/07/2022 08:51:34 00057E40 demo service init succ
11/07/2022 08:53:07 0062B1A0 demo service start...
11/07/2022 08:53:07 0062B1A0 demo service init succ
11/07/2022 08:54:19 00E0CAE0 demo service start...
11/07/2022 08:54:19 00E0CAE0 demo service init succ
11/07/2022 15:10:56 00A5D520 demo service start...
11/07/2022 15:10:56 00A5D520 demo service init succ
11/07/2022 15:12:28 01074E40 demo service start...
11/07/2022 15:12:28 01074E40 demo service init succ
11/07/2022 15:13:11 01046FE0 demo service start...
11/07/2022 15:13:11 01046FE0 demo service init succ
11/07/2022 15:16:16 010F4D20 demo service start...
11/07/2022 15:16:16 010F4D20 demo service init succ
11/07/2022 15:36:34 00F9D120 demo service start...
11/07/2022 15:36:34 00F9D120 demo service init succ
11/07/2022 15:40:41 010DF560 demo service start...
11/07/2022 15:40:41 010DF560 demo service init succ
11/07/2022 15:42:14 00D74560 demo service start...
11/07/2022 15:42:14 00D74560 demo service init succ
11/07/2022 15:43:58 0124B980 demo service start...
11/07/2022 15:43:58 0124B980 demo service init succ
11/07/2022 15:46:45 010CAD40 demo service start...
11/07/2022 15:46:45 010CAD40 demo service init succ
11/07/2022 15:47:50 00DB6BE0 demo service start...
11/07/2022 15:47:50 00DB6BE0 demo service init succ
11/07/2022 15:52:17 008AAC00 demo service start...
11/07/2022 15:52:17 008AAC00 demo service init succ
11/07/2022 15:54:20 000ADD40 demo service start...
11/07/2022 15:54:20 000ADD40 demo service init succ
11/07/2022 15:58:01 00D706E0 demo service start...
11/07/2022 15:58:01 00D706E0 demo service init succ
11/07/2022 15:59:13 01040280 demo service start...
11/07/2022 15:59:13 01040280 demo service init succ
11/07/2022 17:12:19 0094ED00 demo service start...
11/07/2022 17:12:19 0094ED00 demo service init succ
11/07/2022 17:14:31 001126A0 demo service start...
11/07/2022 17:14:31 001126A0 demo service init succ
11/07/2022 17:16:42 011EED20 demo service start...
11/07/2022 17:16:42 011EED20 demo service init succ
11/07/2022 17:17:53 012CF6E0 demo service start...
11/07/2022 17:17:53 012CF6E0 demo service init succ
11/07/2022 17:18:38 0132E280 demo service start...
11/07/2022 17:18:38 0132E280 demo service init succ
11/07/2022 17:20:00 012B60A0 demo service start...
11/07/2022 17:20:00 012B60A0 demo service init succ
11/07/2022 23:43:07 004D83C0 demo service start...
11/07/2022 23:43:07 004D83C0 demo service init succ
11/07/2022 23:54:23 01146DA0 demo service start...
11/07/2022 23:54:23 01146DA0 demo service init succ
