17/07/2022 00:06:12 013C5860 demo service start...
17/07/2022 00:06:12 013C5860 demo service init succ
17/07/2022 00:06:45 01433E00 demo service start...
17/07/2022 00:06:45 01433E00 demo service init succ
17/07/2022 00:07:11 0101DFA0 demo service start...
17/07/2022 00:07:11 0101DFA0 demo service init succ
17/07/2022 00:07:46 01216DC0 demo service start...
17/07/2022 00:07:46 01216DC0 demo service init succ
17/07/2022 00:10:46 0034EAE0 demo service start...
17/07/2022 00:10:46 0034EAE0 demo service init succ
17/07/2022 00:11:03 0147D1E0 demo service start...
17/07/2022 00:11:03 0147D1E0 demo service init succ
17/07/2022 00:11:18 014447A0 demo service start...
17/07/2022 00:11:18 014447A0 demo service init succ
17/07/2022 00:11:42 0131B9A0 demo service start...
17/07/2022 00:11:42 0131B9A0 demo service init succ
17/07/2022 00:12:22 00EE1920 demo service start...
17/07/2022 00:12:22 00EE1920 demo service init succ
17/07/2022 00:12:42 00F24F40 demo service start...
17/07/2022 00:12:42 00F24F40 demo service init succ
17/07/2022 00:13:22 00346DE0 demo service start...
17/07/2022 00:13:22 00346DE0 demo service init succ
17/07/2022 00:14:19 0140FBE0 demo service start...
17/07/2022 00:14:19 0140FBE0 demo service init succ
