10/07/2022 22:03:37 00BBED60 demo service start...
10/07/2022 22:03:37 00BBED60 demo service init succ
10/07/2022 22:03:42 003C1EA0 100006 login succ
10/07/2022 22:04:39 00670700 demo service start...
10/07/2022 22:04:39 00670700 demo service init succ
10/07/2022 22:04:44 008B6780 100006 login succ
10/07/2022 22:23:32 005A06E0 demo service start...
10/07/2022 22:23:32 005A06E0 demo service init succ
10/07/2022 22:25:36 008A3EA0 demo service start...
10/07/2022 22:25:36 008A3EA0 demo service init succ
10/07/2022 22:26:54 00BC4B20 demo service start...
10/07/2022 22:28:35 00A95F60 demo service start...
10/07/2022 22:28:35 00A95F60 demo service init succ
10/07/2022 22:32:18 007C4480 demo service start...
10/07/2022 22:32:51 00B9F960 demo service start...
10/07/2022 22:38:54 00BBED60 demo service start...
10/07/2022 22:38:54 00BBED60 demo service init succ
10/07/2022 22:39:57 00185A60 demo service start...
10/07/2022 22:39:57 00185A60 demo service init succ
10/07/2022 22:40:44 00B97C60 demo service start...
10/07/2022 22:40:44 00B97C60 demo service init succ
10/07/2022 22:41:35 001B86E0 demo service start...
10/07/2022 22:41:35 001B86E0 demo service init succ
10/07/2022 22:41:37 00517B60 100006loginName not find
10/07/2022 22:42:44 00182B80 demo service start...
10/07/2022 22:42:44 00182B80 demo service init succ
