06/07/2022 23:36:34 00CB1060 demo service start...
06/07/2022 23:36:34 00CB1060 demo service init succ
06/07/2022 23:39:41 00704E00 demo service start...
06/07/2022 23:39:41 00704E00 demo service init succ
06/07/2022 23:41:07 00C0B020 demo service start...
06/07/2022 23:41:07 00C0B020 demo service init succ
06/07/2022 23:42:27 0088F680 demo service start...
06/07/2022 23:42:27 0088F680 demo service init succ
06/07/2022 23:45:36 002CCCC0 demo service start...
06/07/2022 23:45:36 002CCCC0 demo service init succ
06/07/2022 23:47:44 0049CAA0 demo service start...
06/07/2022 23:47:44 0049CAA0 demo service init succ
06/07/2022 23:47:57 003F4B20 demo service start...
06/07/2022 23:47:57 003F4B20 demo service init succ
06/07/2022 23:50:00 00DAB060 demo service start...
06/07/2022 23:50:00 00DAB060 demo service init succ
06/07/2022 23:50:10 00A71D40 demo service start...
06/07/2022 23:50:10 00A71D40 demo service init succ
06/07/2022 23:50:52 009B0780 demo service start...
06/07/2022 23:50:52 009B0780 demo service init succ
