18/07/2022 01:49:36 0075CC40 demo service start...
18/07/2022 01:50:29 004371A0 demo service start...
18/07/2022 01:50:31 00DC8520 demo service start...
18/07/2022 01:50:31 00DC8520 demo service init succ
18/07/2022 01:50:38 001D0D80 100006 login succ
18/07/2022 01:51:51 007C7360 demo service start...
18/07/2022 01:51:51 007C7360 demo service init succ
18/07/2022 01:51:54 00C747A0 100006 login succ
18/07/2022 01:52:49 00DB7B80 demo service start...
18/07/2022 01:52:49 00DB7B80 demo service init succ
18/07/2022 01:52:51 0024ED20 100006 login succ
18/07/2022 01:53:00 0024ED20 100006 login succ
18/07/2022 01:56:27 00F46280 demo service start...
18/07/2022 01:56:27 00F46280 demo service init succ
18/07/2022 01:56:31 00F2CC40 100006 login succ
18/07/2022 01:56:58 00C7A560 demo service start...
18/07/2022 01:56:58 00C7A560 demo service init succ
18/07/2022 01:57:03 00D23480 100006 login succ
18/07/2022 01:58:25 004507E0 demo service start...
18/07/2022 01:58:25 004507E0 demo service init succ
18/07/2022 01:58:29 007ACD80 100006 login succ
18/07/2022 01:59:36 00F4A100 demo service start...
18/07/2022 01:59:36 00F4A100 demo service init succ
18/07/2022 01:59:39 00F58B60 100006 login succ
18/07/2022 02:00:20 00740720 demo service start...
18/07/2022 02:00:20 00740720 demo service init succ
18/07/2022 02:00:24 00F32A00 100006 login succ
18/07/2022 02:32:22 00B342A0 demo service start...
18/07/2022 02:32:22 00B342A0 demo service init succ
18/07/2022 02:32:24 006BE900 100006 login succ
18/07/2022 02:33:13 005DB060 demo service start...
18/07/2022 02:33:13 005DB060 demo service init succ
18/07/2022 02:33:16 00973EC0 100006 login succ
18/07/2022 12:20:37 001A5E00 demo service start...
18/07/2022 12:20:37 001A5E00 demo service init succ
18/07/2022 12:20:45 01075DE0 100006 login succ
18/07/2022 20:37:50 010D4980 demo service start...
18/07/2022 20:37:50 010D4980 demo service init succ
18/07/2022 20:38:17 002B3680 demo service start...
18/07/2022 20:38:17 002B3680 demo service init succ
