13/07/2022 00:00:02 00E2DE20 demo service start...
13/07/2022 00:00:02 00E2DE20 demo service init succ
13/07/2022 16:47:18 009E91C0 demo service start...
13/07/2022 16:47:18 009E91C0 demo service init succ
13/07/2022 16:48:54 00B778C0 demo service start...
13/07/2022 16:48:54 00B778C0 demo service init succ
13/07/2022 16:49:39 003C8C00 demo service start...
13/07/2022 16:49:39 003C8C00 demo service init succ
13/07/2022 16:58:40 00436200 demo service start...
13/07/2022 16:58:40 00436200 demo service init succ
13/07/2022 16:59:45 005989E0 demo service start...
13/07/2022 16:59:45 005989E0 demo service init succ
13/07/2022 17:06:08 00A0C440 demo service start...
13/07/2022 17:06:08 00A0C440 demo service init succ
13/07/2022 22:43:33 007752E0 demo service start...
13/07/2022 22:43:33 007752E0 demo service init succ
13/07/2022 22:43:52 00FB57C0 demo service start...
13/07/2022 22:43:52 00FB57C0 demo service init succ
13/07/2022 22:45:20 010E0500 demo service start...
13/07/2022 22:45:20 010E0500 demo service init succ
13/07/2022 22:46:12 00E435E0 demo service start...
13/07/2022 22:46:12 00E435E0 demo service init succ
