12/07/2022 00:00:31 015B1B60 demo service start...
12/07/2022 00:00:31 015B1B60 demo service init succ
12/07/2022 00:00:36 01512880 100006 login succ
12/07/2022 15:29:00 00B99BA0 demo service start...
12/07/2022 15:29:00 00B99BA0 demo service init succ
12/07/2022 15:29:03 0016A4E0 100006 login succ
12/07/2022 15:29:51 0074A360 demo service start...
12/07/2022 15:29:51 0074A360 demo service init succ
12/07/2022 15:29:54 003DA540 100006 login succ
12/07/2022 15:32:04 00E3E7C0 demo service start...
12/07/2022 15:32:04 00E3E7C0 demo service init succ
12/07/2022 15:32:07 00E54F20 100006 login succ
12/07/2022 15:33:40 00C31180 demo service start...
12/07/2022 15:33:40 00C31180 demo service init succ
12/07/2022 15:33:48 00BF8740 100006 login succ
12/07/2022 15:34:56 00E06D20 demo service start...
12/07/2022 15:34:56 00E06D20 demo service init succ
12/07/2022 15:35:00 00688DA0 100006 login succ
12/07/2022 15:37:16 00871220 demo service start...
12/07/2022 15:37:16 00871220 demo service init succ
12/07/2022 15:37:20 00A3D180 100006 login succ
12/07/2022 15:38:03 00637CC0 demo service start...
12/07/2022 15:38:03 00637CC0 demo service init succ
12/07/2022 15:38:06 0035E4E0 100006 login succ
12/07/2022 15:38:25 00A9CCC0 demo service start...
12/07/2022 15:38:25 00A9CCC0 demo service init succ
12/07/2022 15:38:27 00CD42E0 100006 login succ
12/07/2022 15:39:31 00B219C0 demo service start...
12/07/2022 15:39:31 00B219C0 demo service init succ
12/07/2022 15:39:33 004778E0 100006 login succ
12/07/2022 15:40:13 00A38360 demo service start...
12/07/2022 15:40:13 00A38360 demo service init succ
12/07/2022 15:40:15 00234740 100006 login succ
12/07/2022 15:40:33 004AB500 demo service start...
12/07/2022 15:40:33 004AB500 demo service init succ
12/07/2022 15:40:35 00E01F00 100006 login succ
12/07/2022 15:42:38 00142440 demo service start...
12/07/2022 15:42:38 00142440 demo service init succ
12/07/2022 15:42:41 00E7B080 100006 login succ
12/07/2022 23:20:30 0044B9C0 demo service start...
12/07/2022 23:20:30 0044B9C0 demo service init succ
12/07/2022 23:20:34 004B7080 100006 login succ
12/07/2022 23:20:58 00DB7B80 demo service start...
12/07/2022 23:20:58 00DB7B80 demo service init succ
12/07/2022 23:21:02 00142440 100006 login succ
12/07/2022 23:22:41 00C44A00 demo service start...
12/07/2022 23:22:41 00C44A00 demo service init succ
12/07/2022 23:22:46 00C4A7C0 100006 login succ
12/07/2022 23:23:06 00E6A6E0 demo service start...
12/07/2022 23:23:06 00E6A6E0 demo service init succ
12/07/2022 23:23:09 003D37E0 100006 login succ
12/07/2022 23:23:29 00BB7060 demo service start...
12/07/2022 23:23:29 00BB7060 demo service init succ
12/07/2022 23:23:32 00D8CC00 100006 login succ
12/07/2022 23:23:54 004BED80 demo service start...
12/07/2022 23:23:54 004BED80 demo service init succ
12/07/2022 23:23:55 0036DEE0 100006 login succ
12/07/2022 23:24:19 00561EE0 demo service start...
12/07/2022 23:24:19 00561EE0 demo service init succ
12/07/2022 23:24:22 00E0EA20 100006 login succ
12/07/2022 23:25:25 008193E0 demo service start...
12/07/2022 23:25:25 008193E0 demo service init succ
12/07/2022 23:25:28 005C29C0 100006 login succ
12/07/2022 23:26:18 001414A0 demo service start...
12/07/2022 23:26:18 001414A0 demo service init succ
12/07/2022 23:26:20 0016B480 100006 login succ
12/07/2022 23:27:29 00EA3120 demo service start...
12/07/2022 23:27:29 00EA3120 demo service init succ
12/07/2022 23:28:47 00D5CE60 demo service start...
12/07/2022 23:28:47 00D5CE60 demo service init succ
12/07/2022 23:28:50 00E19600 100006 login succ
12/07/2022 23:29:07 00A7D8C0 demo service start...
12/07/2022 23:29:07 00A7D8C0 demo service init succ
12/07/2022 23:29:09 00479820 100006 login succ
12/07/2022 23:32:59 004BDDE0 demo service start...
12/07/2022 23:32:59 004BDDE0 demo service init succ
12/07/2022 23:33:01 00E435E0 100006 login succ
12/07/2022 23:36:30 00163780 demo service start...
12/07/2022 23:36:30 00163780 demo service init succ
12/07/2022 23:36:32 0078C9E0 100006 login succ
12/07/2022 23:37:08 00E56E60 demo service start...
12/07/2022 23:37:08 00E56E60 demo service init succ
12/07/2022 23:37:11 00737A80 100006 login succ
12/07/2022 23:40:36 00E4B2E0 demo service start...
12/07/2022 23:40:36 00E4B2E0 demo service init succ
12/07/2022 23:40:38 008FBCE0 100006 login succ
12/07/2022 23:40:58 004DB2A0 demo service start...
12/07/2022 23:40:58 004DB2A0 demo service init succ
12/07/2022 23:41:01 005F8520 100006 login succ
12/07/2022 23:42:05 00C00440 demo service start...
12/07/2022 23:42:05 00C00440 demo service init succ
12/07/2022 23:42:08 00C1E8A0 100006 login succ
12/07/2022 23:42:43 00D36D00 demo service start...
12/07/2022 23:42:43 00D36D00 demo service init succ
12/07/2022 23:42:44 0026B240 100006 login succ
12/07/2022 23:45:41 00897380 demo service start...
12/07/2022 23:45:41 00897380 demo service init succ
12/07/2022 23:45:43 00DD40A0 100006 login succ
12/07/2022 23:46:09 0036DEE0 demo service start...
12/07/2022 23:46:09 0036DEE0 demo service init succ
12/07/2022 23:46:12 003B8260 100006 login succ
12/07/2022 23:52:30 00753FA0 demo service start...
12/07/2022 23:52:30 00753FA0 demo service init succ
12/07/2022 23:52:44 00102CA0 100006 login succ
12/07/2022 23:53:23 00A2E720 demo service start...
12/07/2022 23:53:23 00A2E720 demo service init succ
12/07/2022 23:53:25 00CBFAC0 100006 login succ
12/07/2022 23:54:07 00CFD320 demo service start...
12/07/2022 23:54:07 00CFD320 demo service init succ
12/07/2022 23:54:46 00D418E0 demo service start...
12/07/2022 23:54:46 00D418E0 demo service init succ
12/07/2022 23:54:49 00CC9700 100006 login succ
12/07/2022 23:55:19 0089C1A0 demo service start...
12/07/2022 23:55:19 0089C1A0 demo service init succ
12/07/2022 23:55:23 00D4D460 100006 login succ
12/07/2022 23:56:00 00145320 demo service start...
12/07/2022 23:56:00 00145320 demo service init succ
12/07/2022 23:56:03 00C67C80 100006 login succ
12/07/2022 23:56:50 0081B320 demo service start...
12/07/2022 23:56:50 0081B320 demo service init succ
12/07/2022 23:56:53 004A66E0 100006 login succ
12/07/2022 23:58:06 000EE480 demo service start...
12/07/2022 23:58:06 000EE480 demo service init succ
12/07/2022 23:58:08 00B390C0 100006 login succ
12/07/2022 23:58:53 00CD5280 demo service start...
12/07/2022 23:58:53 00CD5280 demo service init succ
12/07/2022 23:58:54 00CEF860 100006 login succ
