21/07/2022 00:12:09 0086B460 demo service start...
21/07/2022 00:12:09 0086B460 demo service init succ
21/07/2022 00:12:13 016D99C0 100006 login succ
21/07/2022 00:12:55 016D99C0 100006 login succ
21/07/2022 00:14:10 01934260 demo service start...
21/07/2022 00:14:10 01934260 demo service init succ
21/07/2022 00:14:17 0130BFA0 100006 login succ
21/07/2022 00:14:47 011E4140 demo service start...
21/07/2022 00:14:47 011E4140 demo service init succ
21/07/2022 00:14:50 0178D4C0 100006 login succ
21/07/2022 00:15:15 017A8A40 demo service start...
21/07/2022 00:15:15 017A8A40 demo service init succ
21/07/2022 00:15:18 01564900 100006 login succ
21/07/2022 00:15:52 018075E0 demo service start...
21/07/2022 00:15:52 018075E0 demo service init succ
21/07/2022 00:15:56 00F87960 100006 login succ
21/07/2022 00:15:58 00F87960 100006 login succ
21/07/2022 00:15:59 00F87960 100006 login succ
21/07/2022 00:17:05 006CE300 demo service start...
21/07/2022 00:17:05 006CE300 demo service init succ
21/07/2022 00:17:06 018A97A0 100006 login succ
21/07/2022 00:23:54 014D9E40 demo service start...
21/07/2022 00:23:54 014D9E40 demo service init succ
21/07/2022 00:23:57 018FD760 100006 login succ
21/07/2022 00:28:10 0038E280 demo service start...
21/07/2022 00:28:10 0038E280 demo service init succ
21/07/2022 00:28:12 015C4440 100006 login succ
21/07/2022 00:29:51 015C4440 100006 login succ
21/07/2022 00:31:18 004A95C0 demo service start...
21/07/2022 00:31:18 004A95C0 demo service init succ
21/07/2022 00:31:20 006F34C0 100006 login succ
21/07/2022 00:34:03 0144C4A0 demo service start...
21/07/2022 00:34:03 0144C4A0 demo service init succ
21/07/2022 00:34:04 008ABBA0 100006 login succ
21/07/2022 00:40:46 0086C400 demo service start...
21/07/2022 00:40:46 0086C400 demo service init succ
21/07/2022 00:40:48 0164C020 100006 login succ
21/07/2022 00:41:18 013F2720 demo service start...
21/07/2022 00:41:18 013F2720 demo service init succ
21/07/2022 00:41:21 01409E20 100006 login succ
21/07/2022 00:43:26 01598520 demo service start...
21/07/2022 00:43:26 01598520 demo service init succ
21/07/2022 00:43:30 01A4E600 100006 login succ
21/07/2022 00:48:25 015EC4E0 demo service start...
21/07/2022 00:48:25 015EC4E0 demo service init succ
21/07/2022 00:48:27 00C042C0 100006 login succ
21/07/2022 00:48:53 00C042C0 100006 login succ
21/07/2022 00:49:46 00FB9640 demo service start...
21/07/2022 00:49:46 00FB9640 demo service init succ
21/07/2022 00:49:47 01916DA0 100006 login succ
21/07/2022 01:30:55 01276900 demo service start...
21/07/2022 01:30:55 01276900 demo service init succ
21/07/2022 01:31:00 01B2C0E0 100006 register succ
21/07/2022 01:35:01 01AE5BE0 demo service start...
21/07/2022 01:35:01 01AE5BE0 demo service init succ
21/07/2022 01:35:10 01B52240 100006 register succ
21/07/2022 01:39:36 00FDC8C0 demo service start...
21/07/2022 01:39:36 00FDC8C0 demo service init succ
21/07/2022 01:39:38 0192C560 100006 register unsucc
21/07/2022 01:40:06 019B2200 demo service start...
21/07/2022 01:40:06 019B2200 demo service init succ
21/07/2022 01:40:09 01AC0A20 100006 register unsucc
21/07/2022 01:40:29 00C042C0 demo service start...
21/07/2022 01:40:29 00C042C0 demo service init succ
21/07/2022 01:40:32 00153D80 100006 register unsucc
21/07/2022 01:40:59 017BE200 demo service start...
21/07/2022 01:40:59 017BE200 demo service init succ
21/07/2022 01:41:03 00FD5B60 100006 register unsucc
21/07/2022 01:41:18 017CBCC0 demo service start...
21/07/2022 01:41:18 017CBCC0 demo service init succ
21/07/2022 01:42:09 01A72820 demo service start...
21/07/2022 01:42:09 01A72820 demo service init succ
21/07/2022 01:42:34 00D64B60 demo service start...
21/07/2022 01:42:34 00D64B60 demo service init succ
21/07/2022 01:44:37 01963060 demo service start...
21/07/2022 01:44:37 01963060 demo service init succ
21/07/2022 01:45:16 00EEE440 demo service start...
21/07/2022 01:45:16 00EEE440 demo service init succ
21/07/2022 01:51:02 01A34020 demo service start...
21/07/2022 01:51:02 01A34020 demo service init succ
21/07/2022 01:51:14 01658B40 100007 register succ
21/07/2022 01:57:43 018AD620 demo service start...
21/07/2022 01:57:43 018AD620 demo service init succ
21/07/2022 01:57:47 016E3600 100007 register succ
21/07/2022 02:05:07 0164A0E0 demo service start...
21/07/2022 02:05:07 0164A0E0 demo service init succ
21/07/2022 02:06:32 00EE9620 demo service start...
21/07/2022 02:06:32 00EE9620 demo service init succ
21/07/2022 02:07:24 004390E0 demo service start...
21/07/2022 02:07:24 004390E0 demo service init succ
21/07/2022 02:08:55 0012BCE0 demo service start...
21/07/2022 02:08:55 0012BCE0 demo service init succ
21/07/2022 02:47:19 018CE960 demo service start...
21/07/2022 02:47:19 018CE960 demo service init succ
21/07/2022 02:48:28 01697340 demo service start...
21/07/2022 02:48:28 01697340 demo service init succ
21/07/2022 15:23:30 017DA720 demo service start...
21/07/2022 15:23:30 017DA720 demo service init succ
21/07/2022 15:23:50 00FC4220 demo service start...
