21/07/2022 00:12:09 0086B460 demo service start...
21/07/2022 00:12:09 0086B460 demo service init succ
21/07/2022 00:14:10 01934260 demo service start...
21/07/2022 00:14:10 01934260 demo service init succ
21/07/2022 00:14:47 011E4140 demo service start...
21/07/2022 00:14:47 011E4140 demo service init succ
21/07/2022 00:15:15 017A8A40 demo service start...
21/07/2022 00:15:15 017A8A40 demo service init succ
21/07/2022 00:15:52 018075E0 demo service start...
21/07/2022 00:15:52 018075E0 demo service init succ
21/07/2022 00:17:05 006CE300 demo service start...
21/07/2022 00:17:05 006CE300 demo service init succ
21/07/2022 00:23:54 014D9E40 demo service start...
21/07/2022 00:23:54 014D9E40 demo service init succ
21/07/2022 00:28:10 0038E280 demo service start...
21/07/2022 00:28:10 0038E280 demo service init succ
21/07/2022 00:31:18 004A95C0 demo service start...
21/07/2022 00:31:18 004A95C0 demo service init succ
21/07/2022 00:34:03 0144C4A0 demo service start...
21/07/2022 00:34:03 0144C4A0 demo service init succ
21/07/2022 00:40:46 0086C400 demo service start...
21/07/2022 00:40:46 0086C400 demo service init succ
21/07/2022 00:41:18 013F2720 demo service start...
21/07/2022 00:41:18 013F2720 demo service init succ
21/07/2022 00:43:26 01598520 demo service start...
21/07/2022 00:43:26 01598520 demo service init succ
21/07/2022 00:48:25 015EC4E0 demo service start...
21/07/2022 00:48:25 015EC4E0 demo service init succ
21/07/2022 00:49:46 00FB9640 demo service start...
21/07/2022 00:49:46 00FB9640 demo service init succ
21/07/2022 01:30:55 01276900 demo service start...
21/07/2022 01:30:55 01276900 demo service init succ
21/07/2022 01:35:01 01AE5BE0 demo service start...
21/07/2022 01:35:01 01AE5BE0 demo service init succ
21/07/2022 01:39:36 00FDC8C0 demo service start...
21/07/2022 01:39:36 00FDC8C0 demo service init succ
21/07/2022 01:40:06 019B2200 demo service start...
21/07/2022 01:40:06 019B2200 demo service init succ
21/07/2022 01:40:29 00C042C0 demo service start...
21/07/2022 01:40:29 00C042C0 demo service init succ
21/07/2022 01:40:59 017BE200 demo service start...
21/07/2022 01:40:59 017BE200 demo service init succ
21/07/2022 01:41:18 017CBCC0 demo service start...
21/07/2022 01:41:18 017CBCC0 demo service init succ
21/07/2022 01:42:09 01A72820 demo service start...
21/07/2022 01:42:09 01A72820 demo service init succ
21/07/2022 01:42:34 00D64B60 demo service start...
21/07/2022 01:42:34 00D64B60 demo service init succ
21/07/2022 01:44:37 01963060 demo service start...
21/07/2022 01:44:37 01963060 demo service init succ
21/07/2022 01:45:16 00EEE440 demo service start...
21/07/2022 01:45:16 00EEE440 demo service init succ
21/07/2022 01:51:02 01A34020 demo service start...
21/07/2022 01:51:02 01A34020 demo service init succ
21/07/2022 01:57:43 018AD620 demo service start...
21/07/2022 01:57:43 018AD620 demo service init succ
21/07/2022 02:05:07 0164A0E0 demo service start...
21/07/2022 02:05:07 0164A0E0 demo service init succ
21/07/2022 02:06:32 00EE9620 demo service start...
21/07/2022 02:06:32 00EE9620 demo service init succ
21/07/2022 02:07:24 004390E0 demo service start...
21/07/2022 02:07:24 004390E0 demo service init succ
21/07/2022 02:08:55 0012BCE0 demo service start...
21/07/2022 02:08:55 0012BCE0 demo service init succ
21/07/2022 02:47:19 018CE960 demo service start...
21/07/2022 02:47:19 018CE960 demo service init succ
21/07/2022 02:48:28 01697340 demo service start...
21/07/2022 02:48:28 01697340 demo service init succ
21/07/2022 15:23:30 017DA720 demo service start...
21/07/2022 15:23:30 017DA720 demo service init succ
21/07/2022 15:23:50 00FC4220 demo service start...
21/07/2022 15:24:37 017A6B00 demo service start...
