15/07/2022 16:04:05 00684F20 server recv buff size = 262144
15/07/2022 16:04:06 00684F20 server send buff size = 262144
15/07/2022 16:04:55 00497C80 server recv buff size = 262144
15/07/2022 16:04:55 00497C80 server send buff size = 262144
15/07/2022 16:05:31 0099DEA0 server recv buff size = 262144
15/07/2022 16:05:31 0099DEA0 server send buff size = 262144
15/07/2022 16:05:48 00C5C100 server recv buff size = 262144
15/07/2022 16:05:48 00C5C100 server send buff size = 262144
15/07/2022 16:06:16 009162C0 server recv buff size = 262144
15/07/2022 16:06:16 009162C0 server send buff size = 262144
15/07/2022 16:07:04 0022BAA0 server recv buff size = 262144
15/07/2022 16:07:04 0022BAA0 server send buff size = 262144
15/07/2022 16:07:39 00461180 server recv buff size = 262144
15/07/2022 16:07:39 00461180 server send buff size = 262144
15/07/2022 16:08:32 00B32360 server recv buff size = 262144
15/07/2022 16:08:32 00B32360 server send buff size = 262144
15/07/2022 16:09:28 002B1740 server recv buff size = 262144
15/07/2022 16:09:28 002B1740 server send buff size = 262144
15/07/2022 16:09:53 006C46C0 server recv buff size = 262144
15/07/2022 16:09:53 006C46C0 server send buff size = 262144
15/07/2022 16:11:04 00965460 server recv buff size = 262144
15/07/2022 16:11:04 00965460 server send buff size = 262144
15/07/2022 16:11:35 007A0260 server recv buff size = 262144
15/07/2022 16:11:35 007A0260 server send buff size = 262144
15/07/2022 16:11:57 0012EBC0 server recv buff size = 262144
15/07/2022 16:11:57 0012EBC0 server send buff size = 262144
15/07/2022 16:13:05 009BD2A0 server recv buff size = 262144
15/07/2022 16:13:05 009BD2A0 server send buff size = 262144
15/07/2022 16:13:39 00A7C920 server recv buff size = 262144
15/07/2022 16:13:39 00A7C920 server send buff size = 262144
15/07/2022 16:15:48 003D5720 server recv buff size = 262144
15/07/2022 16:15:48 003D5720 server send buff size = 262144
15/07/2022 16:16:27 0083A720 server recv buff size = 262144
15/07/2022 16:16:27 0083A720 server send buff size = 262144
15/07/2022 16:16:53 007FFDA0 server recv buff size = 262144
15/07/2022 16:16:53 007FFDA0 server send buff size = 262144
15/07/2022 16:17:20 009FAB00 server recv buff size = 262144
15/07/2022 16:17:20 009FAB00 server send buff size = 262144
15/07/2022 16:19:35 001C2320 server recv buff size = 262144
15/07/2022 16:19:35 001C2320 server send buff size = 262144
15/07/2022 16:20:19 00B296C0 server recv buff size = 262144
15/07/2022 16:20:19 00B296C0 server send buff size = 262144
15/07/2022 16:21:06 00E5ACE0 server recv buff size = 262144
15/07/2022 16:21:06 00E5ACE0 server send buff size = 262144
15/07/2022 16:21:34 00DBD940 server recv buff size = 262144
15/07/2022 16:21:34 00DBD940 server send buff size = 262144
15/07/2022 16:21:52 00748420 server recv buff size = 262144
15/07/2022 16:21:52 00748420 server send buff size = 262144
15/07/2022 16:25:39 00E69740 server recv buff size = 262144
15/07/2022 16:25:39 00E69740 server send buff size = 262144
15/07/2022 16:32:17 0033F0E0 server recv buff size = 262144
15/07/2022 16:32:17 0033F0E0 server send buff size = 262144
15/07/2022 16:32:19 00DD9E60 server recv buff size = 262144
15/07/2022 16:32:19 00DD9E60 server send buff size = 262144
15/07/2022 16:33:58 0077FEC0 server recv buff size = 262144
15/07/2022 16:33:58 0077FEC0 server send buff size = 262144
15/07/2022 16:34:35 00E946C0 server recv buff size = 262144
15/07/2022 16:34:35 00E946C0 server send buff size = 262144
15/07/2022 16:35:25 00DC5640 server recv buff size = 262144
15/07/2022 16:35:25 00DC5640 server send buff size = 262144
15/07/2022 16:35:49 006282C0 server recv buff size = 262144
15/07/2022 16:35:49 006282C0 server send buff size = 262144
