11/07/2022 08:22:27 001C5200 server recv buff size = 262144
11/07/2022 08:22:27 001C5200 server send buff size = 262144
11/07/2022 08:24:19 0075EB80 server recv buff size = 262144
11/07/2022 08:24:19 0075EB80 server send buff size = 262144
11/07/2022 08:24:55 00215340 server recv buff size = 262144
11/07/2022 08:24:55 00215340 server send buff size = 262144
11/07/2022 08:26:24 00991380 server recv buff size = 262144
11/07/2022 08:26:24 00991380 server send buff size = 262144
11/07/2022 08:28:47 00659FA0 server recv buff size = 262144
11/07/2022 08:28:47 00659FA0 server send buff size = 262144
11/07/2022 08:31:56 00E3F760 server recv buff size = 262144
11/07/2022 08:31:56 00E3F760 server send buff size = 262144
11/07/2022 08:32:24 00E88B40 server recv buff size = 262144
11/07/2022 08:32:24 00E88B40 server send buff size = 262144
11/07/2022 08:32:33 00A3A2A0 server recv buff size = 262144
11/07/2022 08:32:33 00A3A2A0 server send buff size = 262144
11/07/2022 08:34:54 00D476A0 server recv buff size = 262144
11/07/2022 08:34:54 00D476A0 server send buff size = 262144
11/07/2022 08:37:30 008E6520 server recv buff size = 262144
11/07/2022 08:37:30 008E6520 server send buff size = 262144
11/07/2022 08:38:33 0021D040 server recv buff size = 262144
11/07/2022 08:38:33 0021D040 server send buff size = 262144
11/07/2022 08:39:10 00589F80 server recv buff size = 262144
11/07/2022 08:39:10 00589F80 server send buff size = 262144
11/07/2022 08:41:50 00C89F60 server recv buff size = 262144
11/07/2022 08:41:50 00C89F60 server send buff size = 262144
11/07/2022 08:47:03 006735E0 server recv buff size = 262144
11/07/2022 08:47:03 006735E0 server send buff size = 262144
11/07/2022 08:48:42 00A3B240 server recv buff size = 262144
11/07/2022 08:48:42 00A3B240 server send buff size = 262144
11/07/2022 08:51:34 00E25180 server recv buff size = 262144
11/07/2022 08:51:34 00E25180 server send buff size = 262144
11/07/2022 08:52:13 0081A380 server recv buff size = 262144
11/07/2022 08:52:13 0081A380 server send buff size = 262144
11/07/2022 08:53:07 00EA2180 server recv buff size = 262144
11/07/2022 08:53:07 00EA2180 server send buff size = 262144
11/07/2022 08:54:19 0051F860 server recv buff size = 262144
11/07/2022 08:54:19 0051F860 server send buff size = 262144
11/07/2022 15:10:56 010F4D20 server recv buff size = 262144
11/07/2022 15:10:56 010F4D20 server send buff size = 262144
11/07/2022 15:12:28 01051BC0 server recv buff size = 262144
11/07/2022 15:12:28 01051BC0 server send buff size = 262144
11/07/2022 15:13:11 00493E00 server recv buff size = 262144
11/07/2022 15:13:11 00493E00 server send buff size = 262144
11/07/2022 15:16:16 00FEB320 server recv buff size = 262144
11/07/2022 15:16:16 00FEB320 server send buff size = 262144
11/07/2022 15:36:34 00F5C9E0 server recv buff size = 262144
11/07/2022 15:36:34 00F5C9E0 server send buff size = 262144
11/07/2022 15:40:41 010A9A00 server recv buff size = 262144
11/07/2022 15:40:41 010A9A00 server send buff size = 262144
11/07/2022 15:42:14 0064A5A0 server recv buff size = 262144
11/07/2022 15:42:14 0064A5A0 server send buff size = 262144
11/07/2022 15:43:58 0104FC80 server recv buff size = 262144
11/07/2022 15:43:58 0104FC80 server send buff size = 262144
11/07/2022 15:46:45 01068320 server recv buff size = 262144
11/07/2022 15:46:45 01068320 server send buff size = 262144
11/07/2022 15:47:50 01264020 server recv buff size = 262144
11/07/2022 15:47:50 01264020 server send buff size = 262144
11/07/2022 15:52:17 00FB7700 server recv buff size = 262144
11/07/2022 15:52:17 00FB7700 server send buff size = 262144
11/07/2022 15:54:20 01218D00 server recv buff size = 262144
11/07/2022 15:54:20 01218D00 server send buff size = 262144
11/07/2022 15:58:01 00320C80 server recv buff size = 262144
11/07/2022 15:58:01 00320C80 server send buff size = 262144
11/07/2022 15:59:13 011EAEA0 server recv buff size = 262144
11/07/2022 15:59:13 011EAEA0 server send buff size = 262144
11/07/2022 17:12:19 01086780 server recv buff size = 262144
11/07/2022 17:12:19 01086780 server send buff size = 262144
11/07/2022 17:14:31 00F915A0 server recv buff size = 262144
11/07/2022 17:14:31 00F915A0 server send buff size = 262144
11/07/2022 17:16:42 0118B360 server recv buff size = 262144
11/07/2022 17:16:42 0118B360 server send buff size = 262144
11/07/2022 17:17:53 01246B60 server recv buff size = 262144
11/07/2022 17:17:53 01246B60 server send buff size = 262144
11/07/2022 17:18:38 01092300 server recv buff size = 262144
11/07/2022 17:18:38 01092300 server send buff size = 262144
11/07/2022 17:20:00 012CA8C0 server recv buff size = 262144
11/07/2022 17:20:00 012CA8C0 server send buff size = 262144
11/07/2022 23:43:07 01560A80 server recv buff size = 262144
11/07/2022 23:43:07 01560A80 server send buff size = 262144
11/07/2022 23:54:23 0108F420 server recv buff size = 262144
11/07/2022 23:54:23 0108F420 server send buff size = 262144
