09/07/2022 04:04:48 00E42640 server recv buff size = 262144
09/07/2022 04:04:48 00E42640 server send buff size = 262144
09/07/2022 04:06:12 00782DA0 server recv buff size = 262144
09/07/2022 04:06:12 00782DA0 server send buff size = 262144
09/07/2022 04:07:13 01498760 server recv buff size = 262144
09/07/2022 04:07:13 01498760 server send buff size = 262144
09/07/2022 04:07:58 00C94B40 server recv buff size = 262144
09/07/2022 04:07:58 00C94B40 server send buff size = 262144
09/07/2022 04:12:20 00830AE0 server recv buff size = 262144
09/07/2022 04:12:20 00830AE0 server send buff size = 262144
09/07/2022 04:12:36 01547440 server recv buff size = 262144
09/07/2022 04:12:36 01547440 server send buff size = 262144
09/07/2022 04:13:07 013A06A0 server recv buff size = 262144
09/07/2022 04:13:07 013A06A0 server send buff size = 262144
09/07/2022 04:14:48 012A85E0 server recv buff size = 262144
09/07/2022 04:14:48 012A85E0 server send buff size = 262144
09/07/2022 04:15:47 015147C0 server recv buff size = 262144
09/07/2022 04:15:47 015147C0 server send buff size = 262144
09/07/2022 04:17:11 012219A0 server recv buff size = 262144
09/07/2022 04:17:11 012219A0 server send buff size = 262144
09/07/2022 04:19:30 0155ACC0 server recv buff size = 262144
09/07/2022 04:19:30 0155ACC0 server send buff size = 262144
09/07/2022 04:21:45 014DDCC0 server recv buff size = 262144
09/07/2022 04:21:45 014DDCC0 server send buff size = 262144
09/07/2022 04:23:00 00132A40 server recv buff size = 262144
09/07/2022 04:23:00 00132A40 server send buff size = 262144
09/07/2022 04:23:38 01544560 server recv buff size = 262144
09/07/2022 04:23:38 01544560 server send buff size = 262144
09/07/2022 04:31:25 004371A0 server recv buff size = 262144
09/07/2022 04:31:25 004371A0 server send buff size = 262144
09/07/2022 04:34:37 009961A0 server recv buff size = 262144
09/07/2022 04:34:37 009961A0 server send buff size = 262144
09/07/2022 04:36:26 004AC4A0 server recv buff size = 262144
09/07/2022 04:36:26 004AC4A0 server send buff size = 262144
09/07/2022 04:36:50 003E4180 server recv buff size = 262144
09/07/2022 04:36:50 003E4180 server send buff size = 262144
09/07/2022 04:37:50 00C718C0 server recv buff size = 262144
09/07/2022 04:37:50 00C718C0 server send buff size = 262144
09/07/2022 04:38:08 00304760 server recv buff size = 262144
09/07/2022 04:38:08 00304760 server send buff size = 262144
09/07/2022 04:38:51 00E4B2E0 server recv buff size = 262144
09/07/2022 04:38:51 00E4B2E0 server send buff size = 262144
09/07/2022 04:39:42 00200B20 server recv buff size = 262144
09/07/2022 04:39:42 00200B20 server send buff size = 262144
09/07/2022 04:42:55 00D0EC60 server recv buff size = 262144
09/07/2022 04:42:55 00D0EC60 server send buff size = 262144
09/07/2022 04:44:21 011855A0 server recv buff size = 262144
09/07/2022 04:44:21 011855A0 server send buff size = 262144
09/07/2022 04:45:53 00E92780 server recv buff size = 262144
09/07/2022 04:45:53 00E92780 server send buff size = 262144
09/07/2022 04:51:38 00F8F660 server recv buff size = 262144
09/07/2022 04:51:38 00F8F660 server send buff size = 262144
09/07/2022 04:52:20 00EE8680 server recv buff size = 262144
09/07/2022 04:52:20 00EE8680 server send buff size = 262144
09/07/2022 04:52:28 01515760 server recv buff size = 262144
09/07/2022 04:52:28 01515760 server send buff size = 262144
09/07/2022 04:53:23 00F41460 server recv buff size = 262144
09/07/2022 04:53:23 00F41460 server send buff size = 262144
09/07/2022 04:55:09 00D16960 server recv buff size = 262144
09/07/2022 04:55:09 00D16960 server send buff size = 262144
