07/07/2022 00:01:36 00CEC980 server recv buff size = 262144
07/07/2022 00:01:36 00CEC980 server send buff size = 262144
07/07/2022 00:15:37 008E3640 server recv buff size = 262144
07/07/2022 00:15:37 008E3640 server send buff size = 262144
07/07/2022 22:13:39 00EE76E0 server recv buff size = 262144
07/07/2022 22:13:39 00EE76E0 server send buff size = 262144
07/07/2022 22:17:33 01058920 server recv buff size = 262144
07/07/2022 22:17:33 01058920 server send buff size = 262144
07/07/2022 22:18:50 00F2DBE0 server recv buff size = 262144
07/07/2022 22:18:50 00F2DBE0 server send buff size = 262144
07/07/2022 22:20:26 00FD7AA0 server recv buff size = 262144
07/07/2022 22:20:26 00FD7AA0 server send buff size = 262144
07/07/2022 22:20:47 00CC0A60 server recv buff size = 262144
07/07/2022 22:20:47 00CC0A60 server send buff size = 262144
07/07/2022 22:21:02 005F46A0 server recv buff size = 262144
07/07/2022 22:21:02 005F46A0 server send buff size = 262144
07/07/2022 22:27:20 00DBAA60 server recv buff size = 262144
07/07/2022 22:27:20 00DBAA60 server send buff size = 262144
07/07/2022 22:31:47 003BEFC0 server recv buff size = 262144
07/07/2022 22:31:47 003BEFC0 server send buff size = 262144
