17/07/2022 00:06:12 0101B0C0 server recv buff size = 262144
17/07/2022 00:06:12 0101B0C0 server send buff size = 262144
17/07/2022 00:06:45 0147D1E0 server recv buff size = 262144
17/07/2022 00:06:45 0147D1E0 server send buff size = 262144
17/07/2022 00:07:11 00F339A0 server recv buff size = 262144
17/07/2022 00:07:11 00F339A0 server send buff size = 262144
17/07/2022 00:07:46 013FD300 server recv buff size = 262144
17/07/2022 00:07:46 013FD300 server send buff size = 262144
17/07/2022 00:10:46 003EAEE0 server recv buff size = 262144
17/07/2022 00:10:46 003EAEE0 server send buff size = 262144
17/07/2022 00:11:03 00DFE080 server recv buff size = 262144
17/07/2022 00:11:03 00DFE080 server send buff size = 262144
17/07/2022 00:11:18 013B2F80 server recv buff size = 262144
17/07/2022 00:11:18 013B2F80 server send buff size = 262144
17/07/2022 00:11:42 012CE740 server recv buff size = 262144
17/07/2022 00:11:42 012CE740 server send buff size = 262144
17/07/2022 00:12:22 00C85140 server recv buff size = 262144
17/07/2022 00:12:22 00C85140 server send buff size = 262144
17/07/2022 00:12:42 01434DA0 server recv buff size = 262144
17/07/2022 00:12:42 01434DA0 server send buff size = 262144
17/07/2022 00:13:22 013C0A40 server recv buff size = 262144
17/07/2022 00:13:22 013C0A40 server send buff size = 262144
17/07/2022 00:14:19 01106660 server recv buff size = 262144
17/07/2022 00:14:19 01106660 server send buff size = 262144
