12/07/2022 00:00:31 01426340 server recv buff size = 262144
12/07/2022 00:00:31 01426340 server send buff size = 262144
12/07/2022 15:29:00 00C7F380 server recv buff size = 262144
12/07/2022 15:29:00 00C7F380 server send buff size = 262144
12/07/2022 15:29:51 00A4EAC0 server recv buff size = 262144
12/07/2022 15:29:51 00A4EAC0 server send buff size = 262144
12/07/2022 15:32:04 00E52FE0 server recv buff size = 262144
12/07/2022 15:32:04 00E52FE0 server send buff size = 262144
12/07/2022 15:33:40 004EDB80 server recv buff size = 262144
12/07/2022 15:33:40 004EDB80 server send buff size = 262144
12/07/2022 15:34:56 00329920 server recv buff size = 262144
12/07/2022 15:34:56 00329920 server send buff size = 262144
12/07/2022 15:37:16 00271000 server recv buff size = 262144
12/07/2022 15:37:16 00271000 server send buff size = 262144
12/07/2022 15:38:03 00DA8180 server recv buff size = 262144
12/07/2022 15:38:03 00DA8180 server send buff size = 262144
12/07/2022 15:38:25 00E7EF00 server recv buff size = 262144
12/07/2022 15:38:25 00E7EF00 server send buff size = 262144
12/07/2022 15:39:31 00CF94A0 server recv buff size = 262144
12/07/2022 15:39:31 00CF94A0 server send buff size = 262144
12/07/2022 15:40:13 00DBAA60 server recv buff size = 262144
12/07/2022 15:40:13 00DBAA60 server send buff size = 262144
12/07/2022 15:40:33 00890620 server recv buff size = 262144
12/07/2022 15:40:33 00890620 server send buff size = 262144
12/07/2022 15:42:38 00E416A0 server recv buff size = 262144
12/07/2022 15:42:38 00E416A0 server send buff size = 262144
12/07/2022 23:20:30 009DD640 server recv buff size = 262144
12/07/2022 23:20:30 009DD640 server send buff size = 262144
12/07/2022 23:20:58 004054C0 server recv buff size = 262144
12/07/2022 23:20:58 004054C0 server send buff size = 262144
12/07/2022 23:22:41 0015BA80 server recv buff size = 262144
12/07/2022 23:22:41 0015BA80 server send buff size = 262144
12/07/2022 23:23:06 00E13840 server recv buff size = 262144
12/07/2022 23:23:06 00E13840 server send buff size = 262144
12/07/2022 23:23:29 0016B480 server recv buff size = 262144
12/07/2022 23:23:29 0016B480 server send buff size = 262144
12/07/2022 23:23:54 00DD11C0 server recv buff size = 262144
12/07/2022 23:23:54 00DD11C0 server send buff size = 262144
12/07/2022 23:24:19 00DC0820 server recv buff size = 262144
12/07/2022 23:24:19 00DC0820 server send buff size = 262144
12/07/2022 23:25:25 00CCC5E0 server recv buff size = 262144
12/07/2022 23:25:25 00CCC5E0 server send buff size = 262144
12/07/2022 23:26:18 00D8CC00 server recv buff size = 262144
12/07/2022 23:26:18 00D8CC00 server send buff size = 262144
12/07/2022 23:27:29 00785C80 server recv buff size = 262144
12/07/2022 23:27:29 00785C80 server send buff size = 262144
12/07/2022 23:28:47 00D9E540 server recv buff size = 262144
12/07/2022 23:28:47 00D9E540 server send buff size = 262144
12/07/2022 23:29:07 00D56100 server recv buff size = 262144
12/07/2022 23:29:07 00D56100 server send buff size = 262144
12/07/2022 23:32:59 008BA600 server recv buff size = 262144
12/07/2022 23:32:59 008BA600 server send buff size = 262144
12/07/2022 23:36:30 0064E420 server recv buff size = 262144
12/07/2022 23:36:30 0064E420 server send buff size = 262144
12/07/2022 23:37:08 0028C580 server recv buff size = 262144
12/07/2022 23:37:08 0028C580 server send buff size = 262144
12/07/2022 23:40:36 00E07CC0 server recv buff size = 262144
12/07/2022 23:40:36 00E07CC0 server send buff size = 262144
12/07/2022 23:40:58 00D3DA60 server recv buff size = 262144
12/07/2022 23:40:58 00D3DA60 server send buff size = 262144
12/07/2022 23:42:05 00E98540 server recv buff size = 262144
12/07/2022 23:42:05 00E98540 server send buff size = 262144
12/07/2022 23:42:43 00AC0EE0 server recv buff size = 262144
12/07/2022 23:42:43 00AC0EE0 server send buff size = 262144
12/07/2022 23:45:41 00650360 server recv buff size = 262144
12/07/2022 23:45:41 00650360 server send buff size = 262144
12/07/2022 23:46:09 003930A0 server recv buff size = 262144
12/07/2022 23:46:09 003930A0 server send buff size = 262144
12/07/2022 23:52:30 00259900 server recv buff size = 262144
12/07/2022 23:52:30 00259900 server send buff size = 262144
12/07/2022 23:53:23 00AD37C0 server recv buff size = 262144
12/07/2022 23:53:23 00AD37C0 server send buff size = 262144
12/07/2022 23:54:07 00750120 server recv buff size = 262144
12/07/2022 23:54:07 00750120 server send buff size = 262144
12/07/2022 23:54:46 006B7BA0 server recv buff size = 262144
12/07/2022 23:54:46 006B7BA0 server send buff size = 262144
12/07/2022 23:55:19 0064E420 server recv buff size = 262144
12/07/2022 23:55:19 0064E420 server send buff size = 262144
12/07/2022 23:56:00 00239560 server recv buff size = 262144
12/07/2022 23:56:00 00239560 server send buff size = 262144
12/07/2022 23:56:50 00DEC740 server recv buff size = 262144
12/07/2022 23:56:50 00DEC740 server send buff size = 262144
12/07/2022 23:58:06 001B09E0 server recv buff size = 262144
12/07/2022 23:58:06 001B09E0 server send buff size = 262144
12/07/2022 23:58:53 00CAF120 server recv buff size = 262144
12/07/2022 23:58:53 00CAF120 server send buff size = 262144
