06/07/2022 23:36:34 00CC5880 server recv buff size = 262144
06/07/2022 23:36:34 00CC5880 server send buff size = 262144
06/07/2022 23:39:41 00D3AB80 server recv buff size = 262144
06/07/2022 23:39:41 00D3AB80 server send buff size = 262144
06/07/2022 23:41:07 0068DBC0 server recv buff size = 262144
06/07/2022 23:41:07 0068DBC0 server send buff size = 262144
06/07/2022 23:42:27 00C80320 server recv buff size = 262144
06/07/2022 23:42:27 00C80320 server send buff size = 262144
06/07/2022 23:45:36 006A04A0 server recv buff size = 262144
06/07/2022 23:45:36 006A04A0 server send buff size = 262144
06/07/2022 23:47:44 00331620 server recv buff size = 262144
06/07/2022 23:47:44 00331620 server send buff size = 262144
06/07/2022 23:47:57 00658060 server recv buff size = 262144
06/07/2022 23:47:57 00658060 server send buff size = 262144
06/07/2022 23:48:15 008D2CA0 server recv buff size = 262144
06/07/2022 23:48:15 008D2CA0 server send buff size = 262144
06/07/2022 23:50:00 00125F20 server recv buff size = 262144
06/07/2022 23:50:00 00125F20 server send buff size = 262144
06/07/2022 23:50:10 006B8B40 server recv buff size = 262144
06/07/2022 23:50:10 006B8B40 server send buff size = 262144
06/07/2022 23:50:52 00941240 server recv buff size = 262144
06/07/2022 23:50:52 00941240 server send buff size = 262144
