19/07/2022 12:15:21 009F7C20 server recv buff size = 262144
19/07/2022 12:15:21 009F7C20 server send buff size = 262144
19/07/2022 12:15:53 00F69500 server recv buff size = 262144
19/07/2022 12:15:53 00F69500 server send buff size = 262144
19/07/2022 12:17:08 00E64920 server recv buff size = 262144
19/07/2022 12:17:08 00E64920 server send buff size = 262144
19/07/2022 12:22:44 0015CA20 server recv buff size = 262144
19/07/2022 12:22:44 0015CA20 server send buff size = 262144
19/07/2022 12:23:33 00D24420 server recv buff size = 262144
19/07/2022 12:23:33 00D24420 server send buff size = 262144
19/07/2022 12:26:34 009A4C00 server recv buff size = 262144
19/07/2022 12:26:34 009A4C00 server send buff size = 262144
19/07/2022 12:29:16 00182B80 server recv buff size = 262144
19/07/2022 12:29:16 00182B80 server send buff size = 262144
19/07/2022 12:29:40 00EBD700 server recv buff size = 262144
19/07/2022 12:29:40 00EBD700 server send buff size = 262144
19/07/2022 12:30:04 00907860 server recv buff size = 262144
19/07/2022 12:30:04 00907860 server send buff size = 262144
19/07/2022 12:30:31 00254AE0 server recv buff size = 262144
19/07/2022 12:30:31 00254AE0 server send buff size = 262144
19/07/2022 12:36:02 00A76B60 server recv buff size = 262144
19/07/2022 12:36:02 00A76B60 server send buff size = 262144
19/07/2022 12:37:12 0095A880 server recv buff size = 262144
19/07/2022 12:37:12 0095A880 server send buff size = 262144
19/07/2022 12:37:36 00E90840 server recv buff size = 262144
19/07/2022 12:37:36 00E90840 server send buff size = 262144
19/07/2022 12:37:59 00A826E0 server recv buff size = 262144
19/07/2022 12:37:59 00A826E0 server send buff size = 262144
19/07/2022 12:40:37 00BB12A0 server recv buff size = 262144
19/07/2022 12:40:37 00BB12A0 server send buff size = 262144
19/07/2022 12:48:03 00F20120 server recv buff size = 262144
19/07/2022 12:48:03 00F20120 server send buff size = 262144
19/07/2022 12:54:35 0048D0A0 server recv buff size = 262144
19/07/2022 12:54:35 0048D0A0 server send buff size = 262144
19/07/2022 12:55:01 004E8D60 server recv buff size = 262144
19/07/2022 12:55:01 004E8D60 server send buff size = 262144
19/07/2022 13:06:02 00E33BE0 server recv buff size = 262144
19/07/2022 13:06:02 00E33BE0 server send buff size = 262144
19/07/2022 13:07:30 00832A20 server recv buff size = 262144
19/07/2022 13:07:30 00832A20 server send buff size = 262144
19/07/2022 13:16:46 00F7AE40 server recv buff size = 262144
19/07/2022 13:16:46 00F7AE40 server send buff size = 262144
19/07/2022 13:17:16 007C0600 server recv buff size = 262144
19/07/2022 13:17:16 007C0600 server send buff size = 262144
