18/07/2022 01:49:36 005B6E40 server recv buff size = 262144
18/07/2022 01:49:36 005B6E40 server send buff size = 262144
18/07/2022 01:50:29 009BF1E0 server recv buff size = 262144
18/07/2022 01:50:29 009BF1E0 server send buff size = 262144
18/07/2022 01:50:31 00A72CE0 server recv buff size = 262144
18/07/2022 01:50:31 00A72CE0 server send buff size = 262144
18/07/2022 01:51:51 00E752C0 server recv buff size = 262144
18/07/2022 01:51:51 00E752C0 server send buff size = 262144
18/07/2022 01:52:49 001B4860 server recv buff size = 262144
18/07/2022 01:52:49 001B4860 server send buff size = 262144
18/07/2022 01:56:27 006A81A0 server recv buff size = 262144
18/07/2022 01:56:27 006A81A0 server send buff size = 262144
18/07/2022 01:56:58 000DAC00 server recv buff size = 262144
18/07/2022 01:56:58 000DAC00 server send buff size = 262144
18/07/2022 01:58:25 00F8F660 server recv buff size = 262144
18/07/2022 01:58:25 00F8F660 server send buff size = 262144
18/07/2022 01:59:36 00EF4200 server recv buff size = 262144
18/07/2022 01:59:36 00EF4200 server send buff size = 262144
18/07/2022 02:00:20 00E8C9C0 server recv buff size = 262144
18/07/2022 02:00:20 00E8C9C0 server send buff size = 262144
18/07/2022 02:31:39 00D4B520 server recv buff size = 262144
18/07/2022 02:31:39 00D4B520 server send buff size = 262144
18/07/2022 02:32:22 00CC5880 server recv buff size = 262144
18/07/2022 02:32:22 00CC5880 server send buff size = 262144
18/07/2022 02:33:13 00EE57A0 server recv buff size = 262144
18/07/2022 02:33:13 00EE57A0 server send buff size = 262144
18/07/2022 12:20:37 00E8C9C0 server recv buff size = 262144
18/07/2022 12:20:37 00E8C9C0 server send buff size = 262144
18/07/2022 17:57:10 00887980 server recv buff size = 262144
18/07/2022 17:57:10 00887980 server send buff size = 262144
18/07/2022 17:57:21 01267EA0 server recv buff size = 262144
18/07/2022 17:57:21 01267EA0 server send buff size = 262144
18/07/2022 17:57:40 00A9DC60 server recv buff size = 262144
18/07/2022 17:57:40 00A9DC60 server send buff size = 262144
18/07/2022 17:57:44 010E91A0 server recv buff size = 262144
18/07/2022 17:57:44 010E91A0 server send buff size = 262144
18/07/2022 17:57:56 012044E0 server recv buff size = 262144
18/07/2022 17:57:56 012044E0 server send buff size = 262144
18/07/2022 17:58:02 008C7120 server recv buff size = 262144
18/07/2022 17:58:02 008C7120 server send buff size = 262144
18/07/2022 17:58:05 010B26A0 server recv buff size = 262144
18/07/2022 17:58:05 010B26A0 server send buff size = 262144
18/07/2022 20:37:50 00FCCEC0 server recv buff size = 262144
18/07/2022 20:37:50 00FCCEC0 server send buff size = 262144
18/07/2022 20:38:17 012EFA80 server recv buff size = 262144
18/07/2022 20:38:17 012EFA80 server send buff size = 262144
18/07/2022 20:41:01 014418C0 server recv buff size = 262144
18/07/2022 20:41:01 014418C0 server send buff size = 262144
18/07/2022 20:41:31 000D7D20 server recv buff size = 262144
18/07/2022 20:41:31 000D7D20 server send buff size = 262144
