13/07/2022 00:00:02 001C80E0 server recv buff size = 262144
13/07/2022 00:00:02 001C80E0 server send buff size = 262144
13/07/2022 16:47:18 00D0FC00 server recv buff size = 262144
13/07/2022 16:47:18 00D0FC00 server send buff size = 262144
13/07/2022 16:48:54 00CF65C0 server recv buff size = 262144
13/07/2022 16:48:54 00CF65C0 server send buff size = 262144
13/07/2022 16:49:39 008A5DE0 server recv buff size = 262144
13/07/2022 16:49:39 008A5DE0 server send buff size = 262144
13/07/2022 16:58:40 0015BA80 server recv buff size = 262144
13/07/2022 16:58:40 0015BA80 server send buff size = 262144
13/07/2022 16:59:45 007ACD80 server recv buff size = 262144
13/07/2022 16:59:45 007ACD80 server send buff size = 262144
13/07/2022 17:06:08 00A008C0 server recv buff size = 262144
13/07/2022 17:06:08 00A008C0 server send buff size = 262144
13/07/2022 22:43:33 00612B00 server recv buff size = 262144
13/07/2022 22:43:33 00612B00 server send buff size = 262144
13/07/2022 22:43:52 01649140 server recv buff size = 262144
13/07/2022 22:43:52 01649140 server send buff size = 262144
13/07/2022 22:45:20 002E72A0 server recv buff size = 262144
13/07/2022 22:45:20 002E72A0 server send buff size = 262144
13/07/2022 22:46:12 00800D40 server recv buff size = 262144
13/07/2022 22:46:12 00800D40 server send buff size = 262144
