14/07/2022 15:12:53 00135920 server recv buff size = 262144
14/07/2022 15:12:53 00135920 server send buff size = 262144
14/07/2022 15:27:08 009E8220 server recv buff size = 262144
14/07/2022 15:27:08 009E8220 server send buff size = 262144
14/07/2022 15:29:24 00BDB280 server recv buff size = 262144
14/07/2022 15:29:24 00BDB280 server send buff size = 262144
14/07/2022 15:31:40 008DE820 server recv buff size = 262144
14/07/2022 15:31:40 008DE820 server send buff size = 262144
14/07/2022 15:39:16 00870280 server recv buff size = 262144
14/07/2022 15:39:16 00870280 server send buff size = 262144
14/07/2022 16:20:58 0032D7A0 server recv buff size = 262144
14/07/2022 16:20:58 0032D7A0 server send buff size = 262144
14/07/2022 16:24:05 010857E0 server recv buff size = 262144
14/07/2022 16:24:05 010857E0 server send buff size = 262144
14/07/2022 16:25:31 00857BE0 server recv buff size = 262144
14/07/2022 16:25:31 00857BE0 server send buff size = 262144
14/07/2022 16:25:54 0103F2E0 server recv buff size = 262144
14/07/2022 16:25:54 0103F2E0 server send buff size = 262144
14/07/2022 16:26:25 00FA1F40 server recv buff size = 262144
14/07/2022 16:26:25 00FA1F40 server send buff size = 262144
14/07/2022 16:33:00 01082900 server recv buff size = 262144
14/07/2022 16:33:00 01082900 server send buff size = 262144
14/07/2022 19:59:42 00759D60 server recv buff size = 262144
14/07/2022 19:59:42 00759D60 server send buff size = 262144
14/07/2022 20:01:28 01200660 server recv buff size = 262144
14/07/2022 20:01:28 01200660 server send buff size = 262144
14/07/2022 20:02:15 010D7860 server recv buff size = 262144
14/07/2022 20:02:15 010D7860 server send buff size = 262144
14/07/2022 20:04:15 007B4A80 server recv buff size = 262144
14/07/2022 20:04:15 007B4A80 server send buff size = 262144
14/07/2022 20:04:54 000E38A0 server recv buff size = 262144
14/07/2022 20:04:54 000E38A0 server send buff size = 262144
14/07/2022 20:06:07 0034EAE0 server recv buff size = 262144
14/07/2022 20:06:07 0034EAE0 server send buff size = 262144
14/07/2022 20:39:01 0122A640 server recv buff size = 262144
14/07/2022 20:39:01 0122A640 server send buff size = 262144
14/07/2022 20:43:12 00D570A0 server recv buff size = 262144
14/07/2022 20:43:12 00D570A0 server send buff size = 262144
14/07/2022 20:45:39 010E7260 server recv buff size = 262144
14/07/2022 20:45:39 010E7260 server send buff size = 262144
14/07/2022 20:55:06 0074C2A0 server recv buff size = 262144
14/07/2022 20:55:06 0074C2A0 server send buff size = 262144
14/07/2022 20:57:31 0137B4E0 server recv buff size = 262144
14/07/2022 20:57:31 0137B4E0 server send buff size = 262144
14/07/2022 20:59:55 01315BE0 server recv buff size = 262144
14/07/2022 20:59:55 01315BE0 server send buff size = 262144
14/07/2022 21:00:39 0135EFC0 server recv buff size = 262144
14/07/2022 21:00:39 0135EFC0 server send buff size = 262144
14/07/2022 21:03:56 01154860 server recv buff size = 262144
14/07/2022 21:03:56 01154860 server send buff size = 262144
14/07/2022 21:04:58 00DC7580 server recv buff size = 262144
14/07/2022 21:04:58 00DC7580 server send buff size = 262144
14/07/2022 21:05:17 011C5CE0 server recv buff size = 262144
14/07/2022 21:05:17 011C5CE0 server send buff size = 262144
14/07/2022 21:07:10 011FD780 server recv buff size = 262144
14/07/2022 21:07:10 011FD780 server send buff size = 262144
14/07/2022 21:08:13 0117C900 server recv buff size = 262144
14/07/2022 21:08:13 0117C900 server send buff size = 262144
