10/07/2022 22:03:37 00569BE0 server recv buff size = 262144
10/07/2022 22:03:37 00569BE0 server send buff size = 262144
10/07/2022 22:04:39 008D8A60 server recv buff size = 262144
10/07/2022 22:04:39 008D8A60 server send buff size = 262144
10/07/2022 22:23:32 00BAF360 server recv buff size = 262144
10/07/2022 22:23:32 00BAF360 server send buff size = 262144
10/07/2022 22:25:36 00244140 server recv buff size = 262144
10/07/2022 22:25:36 00244140 server send buff size = 262144
10/07/2022 22:26:18 00B9F960 server recv buff size = 262144
10/07/2022 22:26:18 00B9F960 server send buff size = 262144
10/07/2022 22:26:54 0044AA20 server recv buff size = 262144
10/07/2022 22:26:54 0044AA20 server send buff size = 262144
10/07/2022 22:27:19 00398E60 server recv buff size = 262144
10/07/2022 22:27:19 00398E60 server send buff size = 262144
10/07/2022 22:28:23 00151E40 server recv buff size = 262144
10/07/2022 22:28:23 00151E40 server send buff size = 262144
10/07/2022 22:28:35 00377B20 server recv buff size = 262144
10/07/2022 22:28:35 00377B20 server send buff size = 262144
10/07/2022 22:31:09 00C00440 server recv buff size = 262144
10/07/2022 22:31:09 00C00440 server send buff size = 262144
10/07/2022 22:32:19 0014FF00 server recv buff size = 262144
10/07/2022 22:32:19 0014FF00 server send buff size = 262144
10/07/2022 22:32:51 0024DD80 server recv buff size = 262144
10/07/2022 22:32:51 0024DD80 server send buff size = 262144
10/07/2022 22:32:54 006B7BA0 server recv buff size = 262144
10/07/2022 22:32:54 006B7BA0 server send buff size = 262144
10/07/2022 22:35:41 003102E0 server recv buff size = 262144
10/07/2022 22:35:41 003102E0 server send buff size = 262144
10/07/2022 22:38:08 005D52A0 server recv buff size = 262144
10/07/2022 22:38:08 005D52A0 server send buff size = 262144
10/07/2022 22:38:52 00472AC0 server recv buff size = 262144
10/07/2022 22:38:52 00472AC0 server send buff size = 262144
10/07/2022 22:38:54 003884C0 server recv buff size = 262144
10/07/2022 22:38:54 003884C0 server send buff size = 262144
10/07/2022 22:39:57 007F1340 server recv buff size = 262144
10/07/2022 22:39:57 007F1340 server send buff size = 262144
10/07/2022 22:40:44 00B70B60 server recv buff size = 262144
10/07/2022 22:40:44 00B70B60 server send buff size = 262144
10/07/2022 22:41:35 0083E5A0 server recv buff size = 262144
10/07/2022 22:41:35 0083E5A0 server send buff size = 262144
10/07/2022 22:42:44 00B7E620 server recv buff size = 262144
10/07/2022 22:42:44 00B7E620 server send buff size = 262144
