21/07/2022 00:12:09 01902580 server recv buff size = 262144
21/07/2022 00:12:09 01902580 server send buff size = 262144
21/07/2022 00:14:10 00AB0540 server recv buff size = 262144
21/07/2022 00:14:10 00AB0540 server send buff size = 262144
21/07/2022 00:14:47 019286E0 server recv buff size = 262144
21/07/2022 00:14:47 019286E0 server send buff size = 262144
21/07/2022 00:15:15 006CD360 server recv buff size = 262144
21/07/2022 00:15:15 006CD360 server send buff size = 262144
21/07/2022 00:15:52 01987280 server recv buff size = 262144
21/07/2022 00:15:52 01987280 server send buff size = 262144
21/07/2022 00:17:05 0186BF40 server recv buff size = 262144
21/07/2022 00:17:05 0186BF40 server send buff size = 262144
21/07/2022 00:23:54 010F9B40 server recv buff size = 262144
21/07/2022 00:23:54 010F9B40 server send buff size = 262144
21/07/2022 00:28:10 00B37180 server recv buff size = 262144
21/07/2022 00:28:10 00B37180 server send buff size = 262144
21/07/2022 00:31:18 00FFFB40 server recv buff size = 262144
21/07/2022 00:31:18 00FFFB40 server send buff size = 262144
21/07/2022 00:34:03 0129CA60 server recv buff size = 262144
21/07/2022 00:34:03 0129CA60 server send buff size = 262144
21/07/2022 00:40:46 00748420 server recv buff size = 262144
21/07/2022 00:40:46 00748420 server send buff size = 262144
21/07/2022 00:41:18 00F898A0 server recv buff size = 262144
21/07/2022 00:41:18 00F898A0 server send buff size = 262144
21/07/2022 00:43:26 01442860 server recv buff size = 262144
21/07/2022 00:43:26 01442860 server send buff size = 262144
21/07/2022 00:48:25 00DB5C40 server recv buff size = 262144
21/07/2022 00:48:25 00DB5C40 server send buff size = 262144
21/07/2022 00:49:46 01939080 server recv buff size = 262144
21/07/2022 00:49:46 01939080 server send buff size = 262144
21/07/2022 01:30:55 018392C0 server recv buff size = 262144
21/07/2022 01:30:55 018392C0 server send buff size = 262144
21/07/2022 01:35:01 002F0EE0 server recv buff size = 262144
21/07/2022 01:35:01 002F0EE0 server send buff size = 262144
21/07/2022 01:39:36 00925CC0 server recv buff size = 262144
21/07/2022 01:39:36 00925CC0 server send buff size = 262144
21/07/2022 01:40:06 019D44E0 server recv buff size = 262144
21/07/2022 01:40:06 019D44E0 server send buff size = 262144
21/07/2022 01:40:29 01B21500 server recv buff size = 262144
21/07/2022 01:40:29 01B21500 server send buff size = 262144
21/07/2022 01:40:59 01A58240 server recv buff size = 262144
21/07/2022 01:40:59 01A58240 server send buff size = 262144
21/07/2022 01:41:18 0125B380 server recv buff size = 262144
21/07/2022 01:41:18 0125B380 server send buff size = 262144
21/07/2022 01:42:09 00E28060 server recv buff size = 262144
21/07/2022 01:42:09 00E28060 server send buff size = 262144
21/07/2022 01:42:34 010A9A00 server recv buff size = 262144
21/07/2022 01:42:34 010A9A00 server send buff size = 262144
21/07/2022 01:44:37 017C3020 server recv buff size = 262144
21/07/2022 01:44:37 017C3020 server send buff size = 262144
21/07/2022 01:45:16 01276900 server recv buff size = 262144
21/07/2022 01:45:16 01276900 server send buff size = 262144
21/07/2022 01:51:02 00812680 server recv buff size = 262144
21/07/2022 01:51:02 00812680 server send buff size = 262144
21/07/2022 01:57:43 01374780 server recv buff size = 262144
21/07/2022 01:57:43 01374780 server send buff size = 262144
21/07/2022 02:05:07 007D6D60 server recv buff size = 262144
21/07/2022 02:05:07 007D6D60 server send buff size = 262144
21/07/2022 02:06:32 01A9B860 server recv buff size = 262144
21/07/2022 02:06:32 01A9B860 server send buff size = 262144
21/07/2022 02:07:24 014689C0 server recv buff size = 262144
21/07/2022 02:07:24 014689C0 server send buff size = 262144
21/07/2022 02:08:55 0131AA00 server recv buff size = 262144
21/07/2022 02:08:55 0131AA00 server send buff size = 262144
21/07/2022 02:47:19 0186AFA0 server recv buff size = 262144
21/07/2022 02:47:19 0186AFA0 server send buff size = 262144
21/07/2022 02:48:28 00D7A320 server recv buff size = 262144
21/07/2022 02:48:28 00D7A320 server send buff size = 262144
21/07/2022 15:23:11 00D04080 server recv buff size = 262144
21/07/2022 15:23:11 00D04080 server send buff size = 262144
21/07/2022 15:23:18 01714340 server recv buff size = 262144
21/07/2022 15:23:18 01714340 server send buff size = 262144
21/07/2022 15:23:24 0092CA20 server recv buff size = 262144
21/07/2022 15:23:24 0092CA20 server send buff size = 262144
21/07/2022 15:23:30 0136DA20 server recv buff size = 262144
21/07/2022 15:23:30 0136DA20 server send buff size = 262144
21/07/2022 15:23:50 017346E0 server recv buff size = 262144
21/07/2022 15:23:50 017346E0 server send buff size = 262144
21/07/2022 15:24:00 0122D520 server recv buff size = 262144
21/07/2022 15:24:00 0122D520 server send buff size = 262144
21/07/2022 15:24:37 010EEF60 server recv buff size = 262144
21/07/2022 15:24:37 010EEF60 server send buff size = 262144
21/07/2022 15:25:09 00AEAEC0 server recv buff size = 262144
21/07/2022 15:25:09 00AEAEC0 server send buff size = 262144
21/07/2022 15:25:14 014B4C80 server recv buff size = 262144
21/07/2022 15:25:14 014B4C80 server send buff size = 262144
21/07/2022 15:25:30 00A38360 server recv buff size = 262144
21/07/2022 15:25:30 00A38360 server send buff size = 262144
21/07/2022 15:25:41 016452C0 server recv buff size = 262144
21/07/2022 15:25:41 016452C0 server send buff size = 262144
