19/07/2022 12:15:21 00565D60 init lobby module succ
19/07/2022 12:15:53 0065EDC0 init lobby module succ
19/07/2022 12:17:08 00E13840 init lobby module succ
19/07/2022 12:22:44 00C0DF00 init lobby module succ
19/07/2022 12:23:33 00EFDE40 init lobby module succ
19/07/2022 12:26:34 00473A60 init lobby module succ
19/07/2022 12:29:16 00EA9E80 init lobby module succ
19/07/2022 12:29:40 00E48400 init lobby module succ
19/07/2022 12:30:04 00F1A360 init lobby module succ
19/07/2022 12:30:31 00A09560 init lobby module succ
19/07/2022 12:36:02 008AAC00 init lobby module succ
19/07/2022 12:37:12 00834960 init lobby module succ
19/07/2022 12:37:36 00D60CE0 init lobby module succ
19/07/2022 12:37:59 006AFEA0 init lobby module succ
19/07/2022 12:40:37 00F39760 init lobby module succ
19/07/2022 12:48:03 002867C0 init lobby module succ
19/07/2022 12:54:35 00777220 init lobby module succ
19/07/2022 12:55:01 00B5C340 init lobby module succ
19/07/2022 13:06:02 0095B820 init lobby module succ
19/07/2022 13:07:30 00AA1AE0 init lobby module succ
19/07/2022 13:16:46 00F1D240 init lobby module succ
19/07/2022 13:17:16 00EC63A0 init lobby module succ
