18/07/2022 01:50:29 00E4D220 init lobby module succ
18/07/2022 01:50:31 001D0D80 init lobby module succ
18/07/2022 01:51:51 00C747A0 init lobby module succ
18/07/2022 01:52:49 0024ED20 init lobby module succ
18/07/2022 01:56:27 00F2CC40 init lobby module succ
18/07/2022 01:56:58 00D23480 init lobby module succ
18/07/2022 01:58:25 007ACD80 init lobby module succ
18/07/2022 01:59:36 00F58B60 init lobby module succ
18/07/2022 02:00:20 00F32A00 init lobby module succ
18/07/2022 02:31:39 00F76020 init lobby module succ
18/07/2022 02:32:22 006BE900 init lobby module succ
18/07/2022 02:33:13 00973EC0 init lobby module succ
18/07/2022 12:20:37 01075DE0 init lobby module succ
18/07/2022 17:57:10 011E50E0 init lobby module succ
18/07/2022 17:57:21 0137F360 init lobby module succ
18/07/2022 17:57:40 01263080 init lobby module succ
18/07/2022 17:57:44 01027BE0 init lobby module succ
18/07/2022 17:57:56 00E57E00 init lobby module succ
18/07/2022 17:58:02 01316B80 init lobby module succ
18/07/2022 17:58:05 0045A420 init lobby module succ
18/07/2022 20:37:50 012DB260 init lobby module succ
18/07/2022 20:38:17 002D0B40 init lobby module succ
18/07/2022 20:41:01 009450C0 init lobby module succ
18/07/2022 20:41:31 00A25A80 init lobby module succ
