15/07/2022 16:04:05 000D4E40 init lobby module succ
15/07/2022 16:04:55 0025E720 init lobby module succ
15/07/2022 16:05:31 00CD71C0 init lobby module succ
15/07/2022 16:05:48 008BA600 init lobby module succ
15/07/2022 16:06:16 0028D520 init lobby module succ
15/07/2022 16:07:04 001DF7E0 init lobby module succ
15/07/2022 16:07:39 00C3FBE0 init lobby module succ
15/07/2022 16:08:32 008B57E0 init lobby module succ
15/07/2022 16:09:28 002356E0 init lobby module succ
15/07/2022 16:09:53 00D4A580 init lobby module succ
15/07/2022 16:11:04 00C25600 init lobby module succ
15/07/2022 16:11:35 00CEB9E0 init lobby module succ
15/07/2022 16:11:57 00B3B000 init lobby module succ
15/07/2022 16:13:05 00C3FBE0 init lobby module succ
15/07/2022 16:13:39 009C4FA0 init lobby module succ
15/07/2022 16:15:48 00BCD7C0 init lobby module succ
15/07/2022 16:16:27 005C3960 init lobby module succ
15/07/2022 16:16:53 00186A00 init lobby module succ
15/07/2022 16:17:20 0068BC80 init lobby module succ
15/07/2022 16:19:35 007A0260 init lobby module succ
15/07/2022 16:20:19 0028D520 init lobby module succ
15/07/2022 16:21:06 00E5CC20 init lobby module succ
15/07/2022 16:21:34 00DBE8E0 init lobby module succ
15/07/2022 16:21:52 00323B60 init lobby module succ
15/07/2022 16:25:39 00951BE0 init lobby module succ
15/07/2022 16:32:17 00D2A1E0 init lobby module succ
15/07/2022 16:32:19 00DA9120 init lobby module succ
15/07/2022 16:33:58 00AD85E0 init lobby module succ
15/07/2022 16:34:35 00E73380 init lobby module succ
15/07/2022 16:35:25 00BCA8E0 init lobby module succ
15/07/2022 16:35:49 001145E0 init lobby module succ
