11/07/2022 08:22:27 00D50340 init lobby module succ
11/07/2022 08:24:19 00CE4C80 init lobby module succ
11/07/2022 08:24:55 004CD7E0 init lobby module succ
11/07/2022 08:26:24 008D2CA0 init lobby module succ
11/07/2022 08:28:47 005A1680 init lobby module succ
11/07/2022 08:31:56 00636D20 init lobby module succ
11/07/2022 08:32:24 00643840 init lobby module succ
11/07/2022 08:32:33 00208820 init lobby module succ
11/07/2022 08:34:54 00E60AA0 init lobby module succ
11/07/2022 08:37:30 00B19CC0 init lobby module succ
11/07/2022 08:38:33 00126EC0 init lobby module succ
11/07/2022 08:39:10 00B35240 init lobby module succ
11/07/2022 08:41:50 006BE900 init lobby module succ
11/07/2022 08:47:03 0015AAE0 init lobby module succ
11/07/2022 08:48:42 00330680 init lobby module succ
11/07/2022 08:51:34 00B7D680 init lobby module succ
11/07/2022 08:52:13 00E67800 init lobby module succ
11/07/2022 08:53:07 00588040 init lobby module succ
11/07/2022 08:54:19 0064D480 init lobby module succ
11/07/2022 15:10:56 0088F680 init lobby module succ
11/07/2022 15:12:28 01062560 init lobby module succ
11/07/2022 15:13:11 0106E0E0 init lobby module succ
11/07/2022 15:16:16 00EE1920 init lobby module succ
11/07/2022 15:36:34 011B8220 init lobby module succ
11/07/2022 15:40:41 010B0760 init lobby module succ
11/07/2022 15:42:14 00EF0380 init lobby module succ
11/07/2022 15:43:58 010980C0 init lobby module succ
11/07/2022 15:46:45 00ED9C20 init lobby module succ
11/07/2022 15:47:50 0102E940 init lobby module succ
11/07/2022 15:52:17 01169080 init lobby module succ
11/07/2022 15:54:20 003F5AC0 init lobby module succ
11/07/2022 15:58:01 00B00680 init lobby module succ
11/07/2022 15:59:13 010421C0 init lobby module succ
11/07/2022 17:12:19 00F7ECC0 init lobby module succ
11/07/2022 17:14:31 00859B20 init lobby module succ
11/07/2022 17:16:42 00EFFD80 init lobby module succ
11/07/2022 17:17:53 01217D60 init lobby module succ
11/07/2022 17:18:38 01194FA0 init lobby module succ
11/07/2022 17:20:00 0104BE00 init lobby module succ
11/07/2022 23:43:07 01627E00 init lobby module succ
11/07/2022 23:54:23 00E241E0 init lobby module succ
