12/07/2022 00:00:31 01512880 init lobby module succ
12/07/2022 15:29:00 0016A4E0 init lobby module succ
12/07/2022 15:29:51 003DA540 init lobby module succ
12/07/2022 15:32:04 00E54F20 init lobby module succ
12/07/2022 15:33:40 00BF8740 init lobby module succ
12/07/2022 15:34:56 00688DA0 init lobby module succ
12/07/2022 15:37:16 00A3D180 init lobby module succ
12/07/2022 15:38:03 0035E4E0 init lobby module succ
12/07/2022 15:38:25 00CD42E0 init lobby module succ
12/07/2022 15:39:31 004778E0 init lobby module succ
12/07/2022 15:40:13 00234740 init lobby module succ
12/07/2022 15:40:33 00E01F00 init lobby module succ
12/07/2022 15:42:38 00E7B080 init lobby module succ
12/07/2022 23:20:30 004B7080 init lobby module succ
12/07/2022 23:20:58 00142440 init lobby module succ
12/07/2022 23:22:41 00C4A7C0 init lobby module succ
12/07/2022 23:23:06 003D37E0 init lobby module succ
12/07/2022 23:23:29 00D8CC00 init lobby module succ
12/07/2022 23:23:54 0036DEE0 init lobby module succ
12/07/2022 23:24:19 00E0EA20 init lobby module succ
12/07/2022 23:25:25 005C29C0 init lobby module succ
12/07/2022 23:26:18 0016B480 init lobby module succ
12/07/2022 23:27:29 00E84CC0 init lobby module succ
12/07/2022 23:28:47 00E19600 init lobby module succ
12/07/2022 23:29:07 00479820 init lobby module succ
12/07/2022 23:33:00 00E435E0 init lobby module succ
12/07/2022 23:36:30 0078C9E0 init lobby module succ
12/07/2022 23:37:08 00737A80 init lobby module succ
12/07/2022 23:40:36 008FBCE0 init lobby module succ
12/07/2022 23:40:58 005F8520 init lobby module succ
12/07/2022 23:42:05 00C1E8A0 init lobby module succ
12/07/2022 23:42:43 0026B240 init lobby module succ
12/07/2022 23:45:42 00DD40A0 init lobby module succ
12/07/2022 23:46:09 003B8260 init lobby module succ
12/07/2022 23:52:30 00102CA0 init lobby module succ
12/07/2022 23:53:23 00CBFAC0 init lobby module succ
12/07/2022 23:54:07 00A0F320 init lobby module succ
12/07/2022 23:54:46 00CC9700 init lobby module succ
12/07/2022 23:55:19 00D4D460 init lobby module succ
12/07/2022 23:56:00 00C67C80 init lobby module succ
12/07/2022 23:56:50 004A66E0 init lobby module succ
12/07/2022 23:58:06 00B390C0 init lobby module succ
12/07/2022 23:58:53 00CEF860 init lobby module succ
