14/07/2022 15:12:53 00494DA0 init lobby module succ
14/07/2022 15:27:08 00E95660 init lobby module succ
14/07/2022 15:29:24 00E464C0 init lobby module succ
14/07/2022 15:31:40 00560F40 init lobby module succ
14/07/2022 15:39:16 001A3EC0 init lobby module succ
14/07/2022 16:20:58 00B6EC20 init lobby module succ
14/07/2022 16:24:05 0107BBA0 init lobby module succ
14/07/2022 16:25:31 0106F080 init lobby module succ
14/07/2022 16:25:54 007B4A80 init lobby module succ
14/07/2022 16:26:25 006ACFC0 init lobby module succ
14/07/2022 16:33:00 00F13600 init lobby module succ
14/07/2022 19:59:42 0125E260 init lobby module succ
14/07/2022 20:01:28 0107BBA0 init lobby module succ
14/07/2022 20:02:15 010951E0 init lobby module succ
14/07/2022 20:04:15 01087720 init lobby module succ
14/07/2022 20:04:54 01241D40 init lobby module succ
14/07/2022 20:06:07 01271AE0 init lobby module succ
14/07/2022 20:39:01 00377B20 init lobby module succ
14/07/2022 20:43:12 0100B6C0 init lobby module succ
14/07/2022 20:45:39 0130EE80 init lobby module succ
14/07/2022 20:55:06 00E6E560 init lobby module succ
14/07/2022 20:57:31 010C6EC0 init lobby module succ
14/07/2022 20:59:55 01141F80 init lobby module succ
14/07/2022 21:00:39 012E1020 init lobby module succ
14/07/2022 21:03:56 0136BAE0 init lobby module succ
14/07/2022 21:04:58 008B1960 init lobby module succ
14/07/2022 21:05:17 0069D5C0 init lobby module succ
14/07/2022 21:07:10 010DC680 init lobby module succ
14/07/2022 21:08:13 012F96C0 init lobby module succ
