09/07/2022 04:04:48 012E1FC0 init lobby module succ
09/07/2022 04:06:12 01390CA0 init lobby module succ
09/07/2022 04:07:13 00DC17C0 init lobby module succ
09/07/2022 04:07:58 0123AFE0 init lobby module succ
09/07/2022 04:12:20 00782DA0 init lobby module succ
09/07/2022 04:12:36 0066B8E0 init lobby module succ
09/07/2022 04:13:07 00DBD940 init lobby module succ
09/07/2022 04:14:48 00F29D60 init lobby module succ
09/07/2022 04:15:47 011826C0 init lobby module succ
09/07/2022 04:17:11 0136AB40 init lobby module succ
09/07/2022 04:19:30 01222940 init lobby module succ
09/07/2022 04:21:45 014F7300 init lobby module succ
09/07/2022 04:23:00 01332100 init lobby module succ
09/07/2022 04:23:38 00D6D800 init lobby module succ
09/07/2022 04:31:25 012D73E0 init lobby module succ
09/07/2022 04:34:37 0120A2A0 init lobby module succ
09/07/2022 04:36:26 013989A0 init lobby module succ
09/07/2022 04:36:50 00A9DC60 init lobby module succ
09/07/2022 04:37:50 013C77A0 init lobby module succ
09/07/2022 04:38:08 0147E180 init lobby module succ
09/07/2022 04:38:51 0148EB20 init lobby module succ
09/07/2022 04:39:42 00C16BA0 init lobby module succ
09/07/2022 04:42:55 01294D60 init lobby module succ
09/07/2022 04:44:21 00E38A00 init lobby module succ
09/07/2022 04:45:53 0105E6E0 init lobby module succ
09/07/2022 04:51:38 0155ACC0 init lobby module succ
09/07/2022 04:52:20 013301C0 init lobby module succ
09/07/2022 04:52:28 00A14140 init lobby module succ
09/07/2022 04:53:23 012025A0 init lobby module succ
09/07/2022 04:55:09 00D30F40 init lobby module succ
