21/07/2022 00:12:09 016D99C0 init lobby module succ
21/07/2022 00:14:10 0130BFA0 init lobby module succ
21/07/2022 00:14:47 0178D4C0 init lobby module succ
21/07/2022 00:15:15 01564900 init lobby module succ
21/07/2022 00:15:52 00F87960 init lobby module succ
21/07/2022 00:17:05 018A97A0 init lobby module succ
21/07/2022 00:23:54 018FD760 init lobby module succ
21/07/2022 00:28:10 015C4440 init lobby module succ
21/07/2022 00:31:18 006F34C0 init lobby module succ
21/07/2022 00:34:03 008ABBA0 init lobby module succ
21/07/2022 00:40:46 0164C020 init lobby module succ
21/07/2022 00:41:18 01409E20 init lobby module succ
21/07/2022 00:43:26 01A4E600 init lobby module succ
21/07/2022 00:48:25 00C042C0 init lobby module succ
21/07/2022 00:49:46 01916DA0 init lobby module succ
21/07/2022 01:30:55 01B2C0E0 init lobby module succ
21/07/2022 01:35:01 01B52240 init lobby module succ
21/07/2022 01:39:36 0192C560 init lobby module succ
21/07/2022 01:40:06 01AC0A20 init lobby module succ
21/07/2022 01:40:29 00153D80 init lobby module succ
21/07/2022 01:40:59 00FD5B60 init lobby module succ
21/07/2022 01:41:18 016ACB00 init lobby module succ
21/07/2022 01:42:09 00742660 init lobby module succ
21/07/2022 01:42:34 016869A0 init lobby module succ
21/07/2022 01:44:37 011ECDE0 init lobby module succ
21/07/2022 01:45:16 014F24E0 init lobby module succ
21/07/2022 01:51:02 01658B40 init lobby module succ
21/07/2022 01:57:43 016E3600 init lobby module succ
21/07/2022 02:05:07 00EA0240 init lobby module succ
21/07/2022 02:06:32 01AF36A0 init lobby module succ
21/07/2022 02:07:24 019A1860 init lobby module succ
21/07/2022 02:08:55 00F58B60 init lobby module succ
21/07/2022 02:47:19 0016D3C0 init lobby module succ
21/07/2022 02:48:28 00F70260 init lobby module succ
21/07/2022 15:23:11 004DB2A0 init lobby module succ
21/07/2022 15:23:18 018075E0 init lobby module succ
21/07/2022 15:23:24 015A6F80 init lobby module succ
21/07/2022 15:23:30 008656A0 init lobby module succ
21/07/2022 15:23:50 003EBE80 init lobby module succ
21/07/2022 15:24:00 015CFFC0 init lobby module succ
21/07/2022 15:24:37 00D0CD20 init lobby module succ
21/07/2022 15:25:09 01A74760 init lobby module succ
21/07/2022 15:25:14 01ABFA80 init lobby module succ
21/07/2022 15:25:30 00B7B740 init lobby module succ
21/07/2022 15:25:41 0178E460 init lobby module succ
