Quick-Cocos2dx-Community C++ support ready.

------------------------------------------------

LOAD LUA FILE: D:/workspace/elssquare/src/main.lua

------------------------------------------------

[LUA-print] ===========================================================

[LUA-print]               LOAD QUICK FRAMEWORK

[LUA-print] ===========================================================

[LUA-print] [INFO] 

[LUA-print] [INFO] # DEBUG                        = 1

[LUA-print] [INFO] #

[LUA-print] [INFO] # device.platform              = windows

[LUA-print] [INFO] # device.model                 = unknown

[LUA-print] [INFO] # device.language              = cn

[LUA-print] [INFO] # device.writablePath          = D:\workspace\elssquare\

[LUA-print] [INFO] # device.directorySeparator    = \

[LUA-print] [INFO] # device.pathSeparator         = ;

[LUA-print] [INFO] #

[LUA-print] [INFO] # CONFIG_SCREEN_AUTOSCALE      = FIXED_HEIGHT

[LUA-print] [INFO] # CONFIG_SCREEN_WIDTH          = 960.00

[LUA-print] [INFO] # CONFIG_SCREEN_HEIGHT         = 640.00

[LUA-print] [INFO] # display.widthInPixels        = 960.00

[LUA-print] [INFO] # display.heightInPixels       = 640.00

[LUA-print] [INFO] # display.contentScaleFactor   = 1.00

[LUA-print] [INFO] # display.width                = 960.00

[LUA-print] [INFO] # display.height               = 640.00

[LUA-print] [INFO] # display.cx                   = 480.00

[LUA-print] [INFO] # display.cy                   = 320.00

[LUA-print] [INFO] # display.left                 = 0.00

[LUA-print] [INFO] # display.right                = 960.00

[LUA-print] [INFO] # display.top                  = 640.00

[LUA-print] [INFO] # display.bottom               = 0.00

[LUA-print] [INFO] # display.c_left               = -480.00

[LUA-print] [INFO] # display.c_right              = 480.00

[LUA-print] [INFO] # display.c_top                = 320.00

[LUA-print] [INFO] # display.c_bottom             = -320.00

[LUA-print] [INFO] #

[LUA-print] ===========	table: 0x0cc599c8

[LUA-print] ===========	table: 0x0cc599c8

[LUA-print] ===========	table: 0x0cc599c8

[LUA-print] ===========	table: 0x0cc599c8

[LUA-print] ===========	table: 0x0cc599c8

[LUA-print] ===========	table: 0x0cc599c8

[LUA-print] ===========	table: 0x0cc599c8

[LUA-print] ===========	table: 0x0cc599c8

[LUA-print] ===========	table: 0x0cc599c8

[LUA-print] ===========	table: 0x0cc599c8

[LUA-print] ===========	table: 0x0cc599c8

[LUA-print] ===========	table: 0x0cc599c8

[LUA-print] ===========	table: 0x0cc599c8

[LUA-print] ===========	table: 0x0cc599c8

[LUA-print] ===========	table: 0x0cc599c8

[LUA-print] ===========	table: 0x0cc599c8

[LUA-print] ===========	table: 0x0cc61fb0

[LUA-print] ===========	table: 0x0cc61fb0

[LUA-print] ===========	table: 0x0cc61fb0

[LUA-print] ===========	table: 0x0cc61fb0

[LUA-print] ===========	table: 0x0cc61fb0

[LUA-print] ===========	table: 0x0cc61fb0

[LUA-print] ===========	table: 0x0cc61fb0

[LUA-print] ===========	table: 0x0cc61fb0

[LUA-print] ===========	table: 0x0cc61fb0

[LUA-print] ===========	table: 0x0cc61fb0

[LUA-print] ===========	table: 0x0cc61fb0

[LUA-print] ===========	table: 0x0cc61fb0

[LUA-print] ===========	table: 0x0cc61fb0

[LUA-print] ===========	table: 0x0cc61fb0

[LUA-print] ===========	table: 0x0cc6ab58

[LUA-print] ===========	table: 0x0cc6ab58

[LUA-print] ===========	table: 0x0cc6ab58

[LUA-print] ===========	table: 0x0cc6ab58

[LUA-print] ===========	table: 0x0cc6ab58

[LUA-print] ===========	table: 0x0cc6ab58

[LUA-print] ===========	table: 0x0cc6ab58

[LUA-print] ===========	table: 0x0cc6ab58

[LUA-print] ===========	table: 0x0cc6ab58

[LUA-print] ===========	table: 0x0cc6ab58

[LUA-print] ===========	table: 0x0cc6ab58

[LUA-print] ===========	table: 0x0cc6ab58

[LUA-print] ===========	table: 0x0a330a20

[LUA-print] ===========	table: 0x0a330a20

[LUA-print] ===========	table: 0x0a330a20

[LUA-print] ===========	table: 0x0a330a20

[LUA-print] 1111111111

[LUA-print] table: 0x0a330a20

[LUA-print] 1111111111

[LUA-print] ===========	table: 0x0a330a20

[LUA-print] 1111111111

[LUA-print] table: 0x0a330a20

[LUA-print] 1111111111

[LUA-print] 1111111111

[LUA-print] table: 0x0a330a20

[LUA-print] 1111111111

[LUA-print] ===========	table: 0x0a330a20

[LUA-print] ===========	table: 0x0a330a20

[LUA-print] ===========	table: 0x0a330a20

[LUA-print] ===========	table: 0x0a330a20

[LUA-print] ===========	table: 0x0a330a20

[LUA-print] ===========	table: 0x0a330a20

[LUA-print] ===========	table: 0x0a330a20

[LUA-print] ===========	table: 0x0a335430

[LUA-print] ===========	table: 0x0a335430

[LUA-print] ===========	table: 0x0a335430

[LUA-print] ===========	table: 0x0a335430

[LUA-print] ===========	table: 0x0a335430

[LUA-print] ===========	table: 0x0a335430

[LUA-print] ===========	table: 0x0a335430

[LUA-print] ===========	table: 0x0a335430

[LUA-print] ===========	table: 0x0a335430

[LUA-print] ===========	table: 0x0a335430

[LUA-print] ===========	table: 0x0a335430

[LUA-print] ===========	table: 0x0a335430

[LUA-print] ===========	table: 0x0a335430

[LUA-print] ===========	table: 0x0a335430

[LUA-print] ===========	table: 0x0a335430

[LUA-print] ===========	table: 0x0a335430

[LUA-print] ===========	table: 0x0a335430

[LUA-print] ===========	table: 0x0a335430

[LUA-print] ===========	table: 0x0a33a938

[LUA-print] ===========	table: 0x0a33a938

[LUA-print] ===========	table: 0x0a33a938

[LUA-print] ===========	table: 0x0a33a938

[LUA-print] ===========	table: 0x0a33a938

[LUA-print] ===========	table: 0x0a33a938

[LUA-print] ===========	table: 0x0a33a938

[LUA-print] ===========	table: 0x0a33a938

[LUA-print] ===========	table: 0x0a33a938

[LUA-print] ===========	table: 0x0a33a938

[LUA-print] ===========	table: 0x0a33e750

[LUA-print] ===========	table: 0x0a33e750

[LUA-print] ===========	table: 0x0a33e750

[LUA-print] ===========	table: 0x0a33e750

[LUA-print] ===========	table: 0x0a33e750

[LUA-print] ===========	table: 0x0a33e750

[LUA-print] ===========	table: 0x0a33e750

[LUA-print] ===========	table: 0x0a33e750

[LUA-print] ===========	table: 0x0a341ac0

[LUA-print] ===========	table: 0x0a341ac0

[LUA-print] ===========	table: 0x0a341ac0

[LUA-print] ===========	table: 0x0a341ac0

[LUA-print] ===========	table: 0x0a341ac0

[LUA-print] ===========	table: 0x0a341ac0

[LUA-print] ===========	table: 0x0a344620

[LUA-print] ===========	table: 0x0a344620

[LUA-print] ===========	table: 0x0a344620

[LUA-print] ===========	table: 0x0a344620

[LUA-print] ===========	table: 0x0a345f80

[LUA-print] ===========	table: 0x0a345f80

[LUA-print] ===========	table: 0x0a346d00

[LUA-print] ===========	table: 0x0a346d00

[LUA-print] ===========	table: 0x0a346d00

[LUA-print] ===========	table: 0x0a346d00

[LUA-print] ===========	table: 0x0a346d00

[LUA-print] 1111111111

[LUA-print] table: 0x0a346d00

[LUA-print] 1111111111

[LUA-print] 1111111111

[LUA-print] table: 0x0a346d00

[LUA-print] 1111111111

[LUA-print] ===========	table: 0x0a346d00

[LUA-print] 1111111111

[LUA-print] table: 0x0a346d00

[LUA-print] 1111111111

[LUA-print] ===========	table: 0x0a346d00

[LUA-print] 1111111111

[LUA-print] table: 0x0a346d00

[LUA-print] 1111111111

[LUA-print] 1111111111

[LUA-print] table: 0x0a346d00

[LUA-print] 1111111111

[LUA-print] ===========	table: 0x0a346d00

[LUA-print] ===========	table: 0x0a346d00

[LUA-print] ===========	table: 0x0a346d00

[LUA-print] ===========	table: 0x0a346d00

[LUA-print] ===========	table: 0x0a346d00

[LUA-print] ===========	table: 0x0a346d00

[LUA-print] ===========	table: 0x0a346d00

[LUA-print] ===========	table: 0x0a346d00

[LUA-print] ===========	table: 0x0a346d00

[LUA-print] ===========	table: 0x0a346d00

[LUA-print] ===========	table: 0x0a346d00

[LUA-print] ===========	table: 0x0a346d00

[LUA-print] ===========	table: 0x0a346d00

[LUA-print] ===========	table: 0x0a34ee68

[LUA-print] ===========	table: 0x0a34ee68

[LUA-print] ===========	table: 0x0a34ee68

[LUA-print] ===========	table: 0x0a34ee68

[LUA-print] ===========	table: 0x0a34ee68

[LUA-print] ===========	table: 0x0a34ee68

[LUA-print] ===========	table: 0x0a34ee68

[LUA-print] ===========	table: 0x0a34ee68

[LUA-print] ===========	table: 0x0a34ee68

[LUA-print] ===========	table: 0x0a34ee68

[LUA-print] ===========	table: 0x0a34ee68

[LUA-print] ===========	table: 0x0a34ee68

[LUA-print] ===========	table: 0x0a34ee68

[LUA-print] ===========	table: 0x0a34ee68

[LUA-print] ===========	table: 0x0a34ee68

[LUA-print] ===========	table: 0x0a34ee68

[LUA-print] ===========	table: 0x0a34ee68

[LUA-print] ===========	table: 0x0a5e3f50

[LUA-print] ===========	table: 0x0a5e3f50

[LUA-print] ===========	table: 0x0a5e3f50

[LUA-print] ===========	table: 0x0a5e3f50

[LUA-print] ===========	table: 0x0a5e3f50

[LUA-print] ===========	table: 0x0a5e3f50

[LUA-print] ===========	table: 0x0a5e3f50

[LUA-print] ===========	table: 0x0a5e3f50

[LUA-print] ===========	table: 0x0a5e3f50

[LUA-print] ===========	table: 0x0a5e3f50

[LUA-print] 1111111111

[LUA-print] table: 0x0a5e3f50

[LUA-print] 1111111111

[LUA-print] ===========	table: 0x0a5e3f50

[LUA-print] ===========	table: 0x0a5e3f50

[LUA-print] ===========	table: 0x0a5e3f50

[LUA-print] ===========	table: 0x0a5e3f50

[LUA-print] ===========	table: 0x0a5e3f50

[LUA-print] ===========	table: 0x0a5e3f50

[LUA-print] ===========	table: 0x0a5e3f50

[LUA-print] ===========	table: 0x0a5e3f50

[LUA-print] ===========	table: 0x0a5e3f50

[LUA-print] ===========	table: 0x0a5e3f50

[LUA-print] ===========	table: 0x0a5ea8d0

[LUA-print] ===========	table: 0x0a5ea8d0

[LUA-print] ===========	table: 0x0a5ea8d0

[LUA-print] ===========	table: 0x0a5ea8d0

[LUA-print] ===========	table: 0x0a5ea8d0

[LUA-print] ===========	table: 0x0a5ea8d0

[LUA-print] ===========	table: 0x0a5ea8d0

[LUA-print] ===========	table: 0x0a5ea8d0

[LUA-print] ===========	table: 0x0a5ea8d0

[LUA-print] ===========	table: 0x0a5ea8d0

[LUA-print] ===========	table: 0x0a5ea8d0

[LUA-print] ===========	table: 0x0a5ea8d0

[LUA-print] ===========	table: 0x0a5ea8d0

[LUA-print] ===========	table: 0x0a5ea8d0

[LUA-print] ===========	table: 0x0a5f13b0

[LUA-print] ===========	table: 0x0a5f13b0

[LUA-print] ===========	table: 0x0a5f13b0

