Quick-Cocos2dx-Community C++ support ready.

------------------------------------------------

LOAD LUA FILE: D:/CocoProject/project/demo/src/main.lua

------------------------------------------------

[LUA-print] ===========================================================

[LUA-print]               LOAD QUICK FRAMEWORK

[LUA-print] ===========================================================

[LUA-print] [INFO] 

[LUA-print] [INFO] # DEBUG                        = 1

[LUA-print] [INFO] #

[LUA-print] [INFO] # device.platform              = windows

[LUA-print] [INFO] # device.model                 = unknown

[LUA-print] [INFO] # device.language              = cn

[LUA-print] [INFO] # device.writablePath          = D:\CocoProject\project\demo\

[LUA-print] [INFO] # device.directorySeparator    = \

[LUA-print] [INFO] # device.pathSeparator         = ;

[LUA-print] [INFO] #

[LUA-print] [INFO] # CONFIG_SCREEN_AUTOSCALE      = FIXED_HEIGHT

[LUA-print] [INFO] # CONFIG_SCREEN_WIDTH          = 720.00

[LUA-print] [INFO] # CONFIG_SCREEN_HEIGHT         = 1280.00

[LUA-print] [INFO] # display.widthInPixels        = 720.00

[LUA-print] [INFO] # display.heightInPixels       = 1280.00

[LUA-print] [INFO] # display.contentScaleFactor   = 1.00

[LUA-print] [INFO] # display.width                = 720.00

[LUA-print] [INFO] # display.height               = 1280.00

[LUA-print] [INFO] # display.cx                   = 360.00

[LUA-print] [INFO] # display.cy                   = 640.00

[LUA-print] [INFO] # display.left                 = 0.00

[LUA-print] [INFO] # display.right                = 720.00

[LUA-print] [INFO] # display.top                  = 1280.00

[LUA-print] [INFO] # display.bottom               = 0.00

[LUA-print] [INFO] # display.c_left               = -360.00

[LUA-print] [INFO] # display.c_right              = 360.00

[LUA-print] [INFO] # display.c_top                = 640.00

[LUA-print] [INFO] # display.c_bottom             = -640.00

[LUA-print] [INFO] #

[LUA-print] began init card

[LUA-print] end init card

[LUA-print] init

[LUA-print] 客户端接收到了	Connecting

[LUA-print] connecting ...

[LUA-print] WAIT .... 

[Edit text] content size = (390.000000, 60.000000)

[Edit text] content size = (390.000000, 60.000000)

[Edit text] content size = (390.000000, 60.000000)

[Edit text] content size = (390.000000, 60.000000)

[Edit text] content size = (390.000000, 60.000000)

[Edit text] content size = (390.000000, 60.000000)

[LUA-print] 客户端接收到了	Connected

[LUA-print] connected. now can send

[LUA-print] 客户端接收到了	Data

[LUA-print] init dialog

[LUA-print] login	123	123

[LUA-print] init

[LUA-print] 客户端接收到了	Data

[LUA-print] init dialog

[LUA-print] login	YunLuoAi	yun

[LUA-print] init

[LUA-print] 客户端接收到了	Data

[LUA-print] 输出======CountdownComp.ctor()=========

[LUA-print] 倒计时进行中。。。。

[LUA-print] init

[LUA-print] init

[LUA-print] init

[LUA-print] 客户端接收到了	Data

[LUA-print] init

[LUA-print] 客户端接收到了	Data

[LUA-print] 客户端接收到了	Data

[LUA-print] 商店

[LUA-print] 战斗

[LUA-print] 图鉴

[LUA-print] 战斗

if the index doesn't exist, it is an error

touchesEnded or touchesCancel: size = 0

[LUA-print] 商店

[LUA-print] 战斗

[LUA-print] 图鉴

