Quick-Cocos2dx-Community C++ support ready.

------------------------------------------------

LOAD LUA FILE: F:/GitHub/neu_internship/neu_internship/empty/src/main.lua

------------------------------------------------

[LUA-print] ===========================================================

[LUA-print]               LOAD QUICK FRAMEWORK

[LUA-print] ===========================================================

[LUA-print] [INFO] 

[LUA-print] [INFO] # DEBUG                        = 1

[LUA-print] [INFO] #

[LUA-print] [INFO] # device.platform              = windows

[LUA-print] [INFO] # device.model                 = unknown

[LUA-print] [INFO] # device.language              = cn

[LUA-print] [INFO] # device.writablePath          = F:\GitHub\neu_internship\neu_internship\empty\

[LUA-print] [INFO] # device.directorySeparator    = \

[LUA-print] [INFO] # device.pathSeparator         = ;

[LUA-print] [INFO] #

[LUA-print] [INFO] # CONFIG_SCREEN_AUTOSCALE      = FIXED_HEIGHT

[LUA-print] [INFO] # CONFIG_SCREEN_WIDTH          = 2048.00

[LUA-print] [INFO] # CONFIG_SCREEN_HEIGHT         = 1280.00

[LUA-print] [INFO] # display.widthInPixels        = 1280.00

[LUA-print] [INFO] # display.heightInPixels       = 800.00

[LUA-print] [INFO] # display.contentScaleFactor   = 0.63

[LUA-print] [INFO] # display.width                = 2048.00

[LUA-print] [INFO] # display.height               = 1280.00

[LUA-print] [INFO] # display.cx                   = 1024.00

[LUA-print] [INFO] # display.cy                   = 640.00

[LUA-print] [INFO] # display.left                 = 0.00

[LUA-print] [INFO] # display.right                = 2048.00

[LUA-print] [INFO] # display.top                  = 1280.00

[LUA-print] [INFO] # display.bottom               = 0.00

[LUA-print] [INFO] # display.c_left               = -1024.00

[LUA-print] [INFO] # display.c_right              = 1024.00

[LUA-print] [INFO] # display.c_top                = 640.00

[LUA-print] [INFO] # display.c_bottom             = -640.00

[LUA-print] [INFO] #

