
{
	gl.supports_OES_map_buffer: false
	gl.supports_vertex_array_object: true
	cocos2d.x.version: Quick-Cocos2dx-Community 3.7.10 Release
	gl.vendor: Apple
	gl.supports_PVRTC: false
	gl.renderer: Apple M1
	cocos2d.x.compiled_with_profiler: false
	cocos2d.x.build_type: RELEASE
	cocos2d.x.compiled_with_gl_state_cache: true
	gl.max_texture_size: 16384
	gl.supports_ETC1: false
	gl.supports_BGRA8888: false
	gl.max_texture_units: 16
	gl.supports_OES_packed_depth_stencil: false
	gl.supports_ATITC: false
	gl.supports_discard_framebuffer: false
	gl.supports_NPOT: true
	gl.version: 2.1 Metal - 76.3
	gl.supports_S3TC: true
	gl.supports_OES_depth24: false
}


Quick-Cocos2dx-Community C++ support ready.
------------------------------------------------
LOAD LUA FILE: /Users/yunluoai/Desktop/Cocos-Project/tetris/src/main.lua
------------------------------------------------
[LUA-print] ===========================================================
[LUA-print]               LOAD QUICK FRAMEWORK
[LUA-print] ===========================================================
[LUA-print] [INFO] 
[LUA-print] [INFO] # DEBUG                        = 1
[LUA-print] [INFO] #
[LUA-print] [INFO] # device.platform              = mac
[LUA-print] [INFO] # device.model                 = unknown
[LUA-print] [INFO] # device.language              = cn
[LUA-print] [INFO] # device.writablePath          = /Users/yunluoai/Desktop/Cocos-Project/tetris/
[LUA-print] [INFO] # device.directorySeparator    = /
[LUA-print] [INFO] # device.pathSeparator         = :
[LUA-print] [INFO] #
libpng warning: iCCP: known incorrect sRGB profile
[LUA-print] [INFO] # CONFIG_SCREEN_AUTOSCALE      = FIXED_HEIGHT
[LUA-print] [INFO] # CONFIG_SCREEN_WIDTH          = 1280.00
[LUA-print] [INFO] # CONFIG_SCREEN_HEIGHT         = 720.00
[LUA-print] [INFO] # display.widthInPixels        = 1160.00
[LUA-print] [INFO] # display.heightInPixels       = 652.50
[LUA-print] [INFO] # display.contentScaleFactor   = 0.91
[LUA-print] [INFO] # display.width                = 1280.00
[LUA-print] [INFO] # display.height               = 720.00
[LUA-print] [INFO] # display.cx                   = 640.00
[LUA-print] [INFO] # display.cy                   = 360.00
[LUA-print] [INFO] # display.left                 = 0.00
[LUA-print] [INFO] # display.right                = 1280.00
[LUA-print] [INFO] # display.top                  = 720.00
[LUA-print] [INFO] # display.bottom               = 0.00
[LUA-print] [INFO] # display.c_left               = -640.00
[LUA-print] [INFO] # display.c_right              = 640.00
[LUA-print] [INFO] # display.c_top                = 360.00
[LUA-print] [INFO] # display.c_bottom             = -360.00
[LUA-print] [INFO] #
