Quick-Cocos2dx-Community C++ support ready.

------------------------------------------------

LOAD LUA FILE: E://russiaBlock/src/main.lua

------------------------------------------------

[LUA-print] ===========================================================

[LUA-print]               LOAD QUICK FRAMEWORK

[LUA-print] ===========================================================

[LUA-print] [INFO] 

[LUA-print] [INFO] # DEBUG                        = 1

[LUA-print] [INFO] #

[LUA-print] [INFO] # device.platform              = windows

[LUA-print] [INFO] # device.model                 = unknown

[LUA-print] [INFO] # device.language              = cn

[LUA-print] [INFO] # device.writablePath          = E:\\russiaBlock\

[LUA-print] [INFO] # device.directorySeparator    = \

[LUA-print] [INFO] # device.pathSeparator         = ;

[LUA-print] [INFO] #

[LUA-print] [INFO] # CONFIG_SCREEN_AUTOSCALE      = FIXED_WIDTH

[LUA-print] [INFO] # CONFIG_SCREEN_WIDTH          = 1920.00

[LUA-print] [INFO] # CONFIG_SCREEN_HEIGHT         = 2880.00

[LUA-print] [INFO] # display.widthInPixels        = 640.00

[LUA-print] [INFO] # display.heightInPixels       = 960.00

[LUA-print] [INFO] # display.contentScaleFactor   = 0.33

[LUA-print] [INFO] # display.width                = 1920.00

[LUA-print] [INFO] # display.height               = 2880.00

[LUA-print] [INFO] # display.cx                   = 960.00

[LUA-print] [INFO] # display.cy                   = 1440.00

[LUA-print] [INFO] # display.left                 = 0.00

[LUA-print] [INFO] # display.right                = 1920.00

[LUA-print] [INFO] # display.top                  = 2880.00

[LUA-print] [INFO] # display.bottom               = 0.00

[LUA-print] [INFO] # display.c_left               = -960.00

[LUA-print] [INFO] # display.c_right              = 960.00

[LUA-print] [INFO] # display.c_top                = 1440.00

[LUA-print] [INFO] # display.c_bottom             = -1440.00

[LUA-print] [INFO] #

Get data from file(sounds/fast_down.mp3) failed, error code is 3

Fail to decode file: sounds/fast_down.mp3, ONLY support ogg now!

[LUA-print] sounds/fast_down.mp3 have not loaded!!

